14:54:49.369 INFO - Selenium build info: version: '3.8.1', revision: '6e95a6684b'
14:54:49.370 INFO - Launching a standalone Selenium Server
2018-01-30 14:54:49.612:INFO::main: Logging initialized @709ms to org.seleniumhq.jetty9.util.log.StdErrLog
14:54:49.666 INFO - Using `new FirefoxOptions()` is preferred to `DesiredCapabilities.firefox()`
14:54:49.684 INFO - Using `new ChromeOptions()` is preferred to `DesiredCapabilities.chrome()`
14:54:49.687 INFO - Using `new EdgeOptions()` is preferred to `DesiredCapabilities.edge()`
14:54:49.688 INFO - Driver class not found: com.opera.core.systems.OperaDriver
14:54:49.688 INFO - Using `new OperaOptions()` is preferred to `DesiredCapabilities.operaBlink()`
14:54:49.689 INFO - Using `new SafariOptions()` is preferred to `DesiredCapabilities.safari()`
14:54:49.690 INFO - Driver class not found: org.openqa.selenium.phantomjs.PhantomJSDriver
14:54:49.738 INFO - Driver provider class org.openqa.selenium.ie.InternetExplorerDriver registration is skipped:
 registration capabilities Capabilities {browserName: internet explorer, ensureCleanSession: true, platform: WINDOWS, version: } does not match the current platform MAC
14:54:49.739 INFO - Driver provider class org.openqa.selenium.edge.EdgeDriver registration is skipped:
 registration capabilities Capabilities {browserName: MicrosoftEdge, platform: WINDOWS, version: } does not match the current platform MAC
14:54:49.795 INFO - Using `new ChromeOptions()` is preferred to `DesiredCapabilities.chrome()`
14:54:49.796 INFO - Using `new EdgeOptions()` is preferred to `DesiredCapabilities.edge()`
14:54:49.796 INFO - Using `new FirefoxOptions()` is preferred to `DesiredCapabilities.firefox()`
14:54:49.796 INFO - Using `new OperaOptions()` is preferred to `DesiredCapabilities.operaBlink()`
14:54:49.797 INFO - Using `new SafariOptions()` is preferred to `DesiredCapabilities.safari()`
14:54:49.807 INFO - Using the passthrough mode handler
2018-01-30 14:54:49.835:INFO:osjs.Server:main: jetty-9.4.7.v20170914
2018-01-30 14:54:49.864:WARN:osjs.SecurityHandler:main: ServletContext@o.s.j.s.ServletContextHandler@7ce026d3{/,null,STARTING} has uncovered http methods for path: /
2018-01-30 14:54:49.869:INFO:osjsh.ContextHandler:main: Started o.s.j.s.ServletContextHandler@7ce026d3{/,null,AVAILABLE}
2018-01-30 14:54:49.909:INFO:osjs.AbstractConnector:main: Started ServerConnector@1b1cfb87{HTTP/1.1,[http/1.1]}{0.0.0.0:4445}
2018-01-30 14:54:49.910:INFO:osjs.Server:main: Started @1008ms
14:54:49.910 INFO - Selenium Server is up and running
2018-01-30 14:54:50.185:INFO:osjshC.ROOT:qtp1666607455-14: org.openqa.selenium.remote.server.WebDriverServlet-1b11171f: Initialising WebDriverServlet
14:54:50.237 INFO - Found handler: org.openqa.selenium.remote.server.commandhandler.BeginSession@1fbf9388
14:54:50.244 INFO - /session: Executing POST on /session (handler: BeginSession)
14:54:50.313 INFO - Capabilities are: Capabilities {acceptSslCerts: true, browserName: chrome, javascriptEnabled: true, name: Tests}
14:54:50.315 INFO - Capabilities {acceptSslCerts: true, browserName: chrome, javascriptEnabled: true, name: Tests} matched class org.openqa.selenium.remote.server.ServicedSession$Factory (provider: org.openqa.selenium.chrome.ChromeDriverService)
Starting ChromeDriver 2.33.506106 (8a06c39c4582fbfbab6966dbb1c38a9173bfb1a2) on port 35655
Only local connections are allowed.
14:54:51.865 INFO - Detected dialect: OSS
14:54:52.480 INFO - Found handler: org.openqa.selenium.remote.server.ServicedSession@1ceab23
14:54:52.481 INFO - Handler thread for session 56b2daae41b9f0fc7a57ffb33e12f158 (chrome): Executing POST on /session/56b2daae41b9f0fc7a57ffb33e12f158/url (handler: ServicedSession)
14:54:52.484 INFO - To upstream: {"url":"http://localhost:3000"}
14:54:52.998 INFO - To downstream: {"sessionId":"56b2daae41b9f0fc7a57ffb33e12f158","status":0,"value":null}
14:54:53.007 INFO - Found handler: org.openqa.selenium.remote.server.ServicedSession@1ceab23
14:54:53.007 INFO - Handler thread for session 56b2daae41b9f0fc7a57ffb33e12f158 (chrome): Executing POST on /session/56b2daae41b9f0fc7a57ffb33e12f158/element (handler: ServicedSession)
14:54:53.010 INFO - To upstream: {"using":"css selector","value":"li[name=\"employee1\"]"}
14:54:53.029 INFO - To downstream: {"sessionId":"56b2daae41b9f0fc7a57ffb33e12f158","status":0,"value":{"ELEMENT":"0.16335911660717195-1"}}
14:54:53.034 INFO - Found handler: org.openqa.selenium.remote.server.ServicedSession@1ceab23
14:54:53.034 INFO - Handler thread for session 56b2daae41b9f0fc7a57ffb33e12f158 (chrome): Executing POST on /session/56b2daae41b9f0fc7a57ffb33e12f158/element/0.16335911660717195-1/click (handler: ServicedSession)
14:54:53.036 INFO - To upstream: 
14:54:53.125 INFO - To downstream: {"sessionId":"56b2daae41b9f0fc7a57ffb33e12f158","status":0,"value":null}
14:54:53.132 INFO - Found handler: org.openqa.selenium.remote.server.ServicedSession@1ceab23
14:54:53.132 INFO - Handler thread for session 56b2daae41b9f0fc7a57ffb33e12f158 (chrome): Executing POST on /session/56b2daae41b9f0fc7a57ffb33e12f158/element (handler: ServicedSession)
14:54:53.135 INFO - To upstream: {"using":"css selector","value":"input[name=\"nameEntry\"]"}
14:54:53.152 INFO - To downstream: {"sessionId":"56b2daae41b9f0fc7a57ffb33e12f158","status":0,"value":{"ELEMENT":"0.16335911660717195-2"}}
14:54:53.156 INFO - Found handler: org.openqa.selenium.remote.server.ServicedSession@1ceab23
14:54:53.157 INFO - Handler thread for session 56b2daae41b9f0fc7a57ffb33e12f158 (chrome): Executing POST on /session/56b2daae41b9f0fc7a57ffb33e12f158/element/0.16335911660717195-2/clear (handler: ServicedSession)
14:54:53.158 INFO - To upstream: 
14:54:53.184 INFO - To downstream: {"sessionId":"56b2daae41b9f0fc7a57ffb33e12f158","status":0,"value":null}
14:54:53.190 INFO - Found handler: org.openqa.selenium.remote.server.ServicedSession@1ceab23
14:54:53.191 INFO - Handler thread for session 56b2daae41b9f0fc7a57ffb33e12f158 (chrome): Executing POST on /session/56b2daae41b9f0fc7a57ffb33e12f158/element (handler: ServicedSession)
14:54:53.192 INFO - To upstream: {"using":"css selector","value":"input[name=\"nameEntry\"]"}
14:54:53.201 INFO - To downstream: {"sessionId":"56b2daae41b9f0fc7a57ffb33e12f158","status":0,"value":{"ELEMENT":"0.16335911660717195-2"}}
14:54:53.206 INFO - Found handler: org.openqa.selenium.remote.server.ServicedSession@1ceab23
14:54:53.206 INFO - Handler thread for session 56b2daae41b9f0fc7a57ffb33e12f158 (chrome): Executing POST on /session/56b2daae41b9f0fc7a57ffb33e12f158/element/0.16335911660717195-2/value (handler: ServicedSession)
14:54:53.208 INFO - To upstream: {"value":["A"]}
14:54:53.289 INFO - To downstream: {"sessionId":"56b2daae41b9f0fc7a57ffb33e12f158","status":0,"value":null}
14:54:53.295 INFO - Found handler: org.openqa.selenium.remote.server.ServicedSession@1ceab23
14:54:53.295 INFO - Handler thread for session 56b2daae41b9f0fc7a57ffb33e12f158 (chrome): Executing POST on /session/56b2daae41b9f0fc7a57ffb33e12f158/element (handler: ServicedSession)
14:54:53.297 INFO - To upstream: {"using":"css selector","value":"input[name=\"phoneEntry\"]"}
14:54:53.313 INFO - To downstream: {"sessionId":"56b2daae41b9f0fc7a57ffb33e12f158","status":0,"value":{"ELEMENT":"0.16335911660717195-3"}}
14:54:53.317 INFO - Found handler: org.openqa.selenium.remote.server.ServicedSession@1ceab23
14:54:53.318 INFO - Handler thread for session 56b2daae41b9f0fc7a57ffb33e12f158 (chrome): Executing POST on /session/56b2daae41b9f0fc7a57ffb33e12f158/element/0.16335911660717195-3/clear (handler: ServicedSession)
14:54:53.319 INFO - To upstream: 
14:54:53.342 INFO - To downstream: {"sessionId":"56b2daae41b9f0fc7a57ffb33e12f158","status":0,"value":null}
14:54:53.347 INFO - Found handler: org.openqa.selenium.remote.server.ServicedSession@1ceab23
14:54:53.348 INFO - Handler thread for session 56b2daae41b9f0fc7a57ffb33e12f158 (chrome): Executing POST on /session/56b2daae41b9f0fc7a57ffb33e12f158/element (handler: ServicedSession)
14:54:53.350 INFO - To upstream: {"using":"css selector","value":"input[name=\"phoneEntry\"]"}
14:54:53.359 INFO - To downstream: {"sessionId":"56b2daae41b9f0fc7a57ffb33e12f158","status":0,"value":{"ELEMENT":"0.16335911660717195-3"}}
14:54:53.363 INFO - Found handler: org.openqa.selenium.remote.server.ServicedSession@1ceab23
14:54:53.364 INFO - Handler thread for session 56b2daae41b9f0fc7a57ffb33e12f158 (chrome): Executing POST on /session/56b2daae41b9f0fc7a57ffb33e12f158/element/0.16335911660717195-3/value (handler: ServicedSession)
14:54:53.365 INFO - To upstream: {"value":["1","2","3","4","5","6","7","8","9","0"]}
14:54:53.463 INFO - To downstream: {"sessionId":"56b2daae41b9f0fc7a57ffb33e12f158","status":0,"value":null}
14:54:53.467 INFO - Found handler: org.openqa.selenium.remote.server.ServicedSession@1ceab23
14:54:53.468 INFO - Handler thread for session 56b2daae41b9f0fc7a57ffb33e12f158 (chrome): Executing POST on /session/56b2daae41b9f0fc7a57ffb33e12f158/element (handler: ServicedSession)
14:54:53.471 INFO - To upstream: {"using":"css selector","value":"input[name=\"titleEntry\"]"}
14:54:53.488 INFO - To downstream: {"sessionId":"56b2daae41b9f0fc7a57ffb33e12f158","status":0,"value":{"ELEMENT":"0.16335911660717195-4"}}
14:54:53.491 INFO - Found handler: org.openqa.selenium.remote.server.ServicedSession@1ceab23
14:54:53.492 INFO - Handler thread for session 56b2daae41b9f0fc7a57ffb33e12f158 (chrome): Executing POST on /session/56b2daae41b9f0fc7a57ffb33e12f158/element/0.16335911660717195-4/clear (handler: ServicedSession)
14:54:53.494 INFO - To upstream: 
14:54:53.516 INFO - To downstream: {"sessionId":"56b2daae41b9f0fc7a57ffb33e12f158","status":0,"value":null}
14:54:53.524 INFO - Found handler: org.openqa.selenium.remote.server.ServicedSession@1ceab23
14:54:53.524 INFO - Handler thread for session 56b2daae41b9f0fc7a57ffb33e12f158 (chrome): Executing POST on /session/56b2daae41b9f0fc7a57ffb33e12f158/element (handler: ServicedSession)
14:54:53.526 INFO - To upstream: {"using":"css selector","value":"input[name=\"titleEntry\"]"}
14:54:53.534 INFO - To downstream: {"sessionId":"56b2daae41b9f0fc7a57ffb33e12f158","status":0,"value":{"ELEMENT":"0.16335911660717195-4"}}
14:54:53.539 INFO - Found handler: org.openqa.selenium.remote.server.ServicedSession@1ceab23
14:54:53.539 INFO - Handler thread for session 56b2daae41b9f0fc7a57ffb33e12f158 (chrome): Executing POST on /session/56b2daae41b9f0fc7a57ffb33e12f158/element/0.16335911660717195-4/value (handler: ServicedSession)
14:54:53.541 INFO - To upstream: {"value":["h"]}
14:54:53.583 INFO - To downstream: {"sessionId":"56b2daae41b9f0fc7a57ffb33e12f158","status":0,"value":null}
14:54:53.587 INFO - Found handler: org.openqa.selenium.remote.server.ServicedSession@1ceab23
14:54:53.588 INFO - Handler thread for session 56b2daae41b9f0fc7a57ffb33e12f158 (chrome): Executing POST on /session/56b2daae41b9f0fc7a57ffb33e12f158/element (handler: ServicedSession)
14:54:53.589 INFO - To upstream: {"using":"css selector","value":"button[name=\"save\"]"}
14:54:53.605 INFO - To downstream: {"sessionId":"56b2daae41b9f0fc7a57ffb33e12f158","status":0,"value":{"ELEMENT":"0.16335911660717195-5"}}
14:54:53.611 INFO - Found handler: org.openqa.selenium.remote.server.ServicedSession@1ceab23
14:54:53.611 INFO - Handler thread for session 56b2daae41b9f0fc7a57ffb33e12f158 (chrome): Executing POST on /session/56b2daae41b9f0fc7a57ffb33e12f158/element/0.16335911660717195-5/click (handler: ServicedSession)
14:54:53.613 INFO - To upstream: 
14:54:53.669 INFO - To downstream: {"sessionId":"56b2daae41b9f0fc7a57ffb33e12f158","status":0,"value":null}
14:54:53.675 INFO - Found handler: org.openqa.selenium.remote.server.ServicedSession@1ceab23
14:54:53.676 INFO - Handler thread for session 56b2daae41b9f0fc7a57ffb33e12f158 (chrome): Executing POST on /session/56b2daae41b9f0fc7a57ffb33e12f158/element (handler: ServicedSession)
14:54:53.678 INFO - To upstream: {"using":"css selector","value":"li[name=\"employee5\"]"}
14:54:53.696 INFO - To downstream: {"sessionId":"56b2daae41b9f0fc7a57ffb33e12f158","status":0,"value":{"ELEMENT":"0.16335911660717195-6"}}
14:54:53.700 INFO - Found handler: org.openqa.selenium.remote.server.ServicedSession@1ceab23
14:54:53.701 INFO - Handler thread for session 56b2daae41b9f0fc7a57ffb33e12f158 (chrome): Executing POST on /session/56b2daae41b9f0fc7a57ffb33e12f158/element/0.16335911660717195-6/click (handler: ServicedSession)
14:54:53.702 INFO - To upstream: 
14:54:53.758 INFO - To downstream: {"sessionId":"56b2daae41b9f0fc7a57ffb33e12f158","status":0,"value":null}
14:54:53.762 INFO - Found handler: org.openqa.selenium.remote.server.ServicedSession@1ceab23
14:54:53.763 INFO - Handler thread for session 56b2daae41b9f0fc7a57ffb33e12f158 (chrome): Executing POST on /session/56b2daae41b9f0fc7a57ffb33e12f158/element (handler: ServicedSession)
14:54:53.765 INFO - To upstream: {"using":"css selector","value":"li[name=\"employee1\"]"}
14:54:53.774 INFO - To downstream: {"sessionId":"56b2daae41b9f0fc7a57ffb33e12f158","status":0,"value":{"ELEMENT":"0.16335911660717195-1"}}
14:54:53.778 INFO - Found handler: org.openqa.selenium.remote.server.ServicedSession@1ceab23
14:54:53.778 INFO - Handler thread for session 56b2daae41b9f0fc7a57ffb33e12f158 (chrome): Executing POST on /session/56b2daae41b9f0fc7a57ffb33e12f158/element/0.16335911660717195-1/click (handler: ServicedSession)
14:54:53.779 INFO - To upstream: 
14:54:53.810 INFO - To downstream: {"sessionId":"56b2daae41b9f0fc7a57ffb33e12f158","status":0,"value":null}
14:54:53.817 INFO - Found handler: org.openqa.selenium.remote.server.ServicedSession@1ceab23
14:54:53.818 INFO - Handler thread for session 56b2daae41b9f0fc7a57ffb33e12f158 (chrome): Executing POST on /session/56b2daae41b9f0fc7a57ffb33e12f158/element (handler: ServicedSession)
14:54:53.820 INFO - To upstream: {"using":"css selector","value":"input[name=\"nameEntry\"]"}
14:54:53.829 INFO - To downstream: {"sessionId":"56b2daae41b9f0fc7a57ffb33e12f158","status":0,"value":{"ELEMENT":"0.16335911660717195-2"}}
14:54:53.833 INFO - Found handler: org.openqa.selenium.remote.server.ServicedSession@1ceab23
14:54:53.834 INFO - Handler thread for session 56b2daae41b9f0fc7a57ffb33e12f158 (chrome): Executing POST on /session/56b2daae41b9f0fc7a57ffb33e12f158/element/0.16335911660717195-2/click (handler: ServicedSession)
14:54:53.835 INFO - To upstream: 
14:54:53.880 INFO - To downstream: {"sessionId":"56b2daae41b9f0fc7a57ffb33e12f158","status":0,"value":null}
14:54:53.887 INFO - Found handler: org.openqa.selenium.remote.server.ServicedSession@1ceab23
14:54:53.887 INFO - Handler thread for session 56b2daae41b9f0fc7a57ffb33e12f158 (chrome): Executing POST on /session/56b2daae41b9f0fc7a57ffb33e12f158/elements (handler: ServicedSession)
14:54:53.890 INFO - To upstream: {"using":"css selector","value":"input[name=\"nameEntry\"]"}
14:54:53.906 INFO - To downstream: {"sessionId":"56b2daae41b9f0fc7a57ffb33e12f158","status":0,"value":[{"ELEMENT":"0.16335911660717195-2"}]}
14:54:53.911 INFO - Found handler: org.openqa.selenium.remote.server.ServicedSession@1ceab23
14:54:53.912 INFO - Handler thread for session 56b2daae41b9f0fc7a57ffb33e12f158 (chrome): Executing GET on /session/56b2daae41b9f0fc7a57ffb33e12f158/element/0.16335911660717195-2/displayed (handler: ServicedSession)
14:54:53.929 INFO - To downstream: {"sessionId":"56b2daae41b9f0fc7a57ffb33e12f158","status":0,"value":true}
14:54:53.935 INFO - Found handler: org.openqa.selenium.remote.server.ServicedSession@1ceab23
14:54:53.935 INFO - Handler thread for session 56b2daae41b9f0fc7a57ffb33e12f158 (chrome): Executing POST on /session/56b2daae41b9f0fc7a57ffb33e12f158/elements (handler: ServicedSession)
14:54:53.937 INFO - To upstream: {"using":"css selector","value":"input[name=\"nameEntry\"]"}
14:54:53.947 INFO - To downstream: {"sessionId":"56b2daae41b9f0fc7a57ffb33e12f158","status":0,"value":[{"ELEMENT":"0.16335911660717195-2"}]}
14:54:53.952 INFO - Found handler: org.openqa.selenium.remote.server.ServicedSession@1ceab23
14:54:53.952 INFO - Handler thread for session 56b2daae41b9f0fc7a57ffb33e12f158 (chrome): Executing GET on /session/56b2daae41b9f0fc7a57ffb33e12f158/element/0.16335911660717195-2/attribute/value (handler: ServicedSession)
14:54:53.963 INFO - To downstream: {"sessionId":"56b2daae41b9f0fc7a57ffb33e12f158","status":0,"value":"A"}
14:54:53.975 INFO - Found handler: org.openqa.selenium.remote.server.ServicedSession@1ceab23
14:54:53.976 INFO - Handler thread for session 56b2daae41b9f0fc7a57ffb33e12f158 (chrome): Executing POST on /session/56b2daae41b9f0fc7a57ffb33e12f158/url (handler: ServicedSession)
14:54:53.980 INFO - To upstream: {"url":"http://localhost:3000"}
14:54:54.193 INFO - To downstream: {"sessionId":"56b2daae41b9f0fc7a57ffb33e12f158","status":0,"value":null}
14:54:54.204 INFO - Found handler: org.openqa.selenium.remote.server.ServicedSession@1ceab23
14:54:54.204 INFO - Handler thread for session 56b2daae41b9f0fc7a57ffb33e12f158 (chrome): Executing POST on /session/56b2daae41b9f0fc7a57ffb33e12f158/element (handler: ServicedSession)
14:54:54.207 INFO - To upstream: {"using":"css selector","value":"li[name=\"employee1\"]"}
14:54:54.226 INFO - To downstream: {"sessionId":"56b2daae41b9f0fc7a57ffb33e12f158","status":0,"value":{"ELEMENT":"0.8089885969815609-1"}}
14:54:54.231 INFO - Found handler: org.openqa.selenium.remote.server.ServicedSession@1ceab23
14:54:54.232 INFO - Handler thread for session 56b2daae41b9f0fc7a57ffb33e12f158 (chrome): Executing POST on /session/56b2daae41b9f0fc7a57ffb33e12f158/element/0.8089885969815609-1/click (handler: ServicedSession)
14:54:54.233 INFO - To upstream: 
14:54:54.303 INFO - To downstream: {"sessionId":"56b2daae41b9f0fc7a57ffb33e12f158","status":0,"value":null}
14:54:54.308 INFO - Found handler: org.openqa.selenium.remote.server.ServicedSession@1ceab23
14:54:54.309 INFO - Handler thread for session 56b2daae41b9f0fc7a57ffb33e12f158 (chrome): Executing POST on /session/56b2daae41b9f0fc7a57ffb33e12f158/element (handler: ServicedSession)
14:54:54.311 INFO - To upstream: {"using":"css selector","value":"input[name=\"phoneEntry\"]"}
14:54:54.320 INFO - To downstream: {"sessionId":"56b2daae41b9f0fc7a57ffb33e12f158","status":0,"value":{"ELEMENT":"0.8089885969815609-2"}}
14:54:54.324 INFO - Found handler: org.openqa.selenium.remote.server.ServicedSession@1ceab23
14:54:54.324 INFO - Handler thread for session 56b2daae41b9f0fc7a57ffb33e12f158 (chrome): Executing POST on /session/56b2daae41b9f0fc7a57ffb33e12f158/element/0.8089885969815609-2/clear (handler: ServicedSession)
14:54:54.326 INFO - To upstream: 
14:54:54.348 INFO - To downstream: {"sessionId":"56b2daae41b9f0fc7a57ffb33e12f158","status":0,"value":null}
14:54:54.353 INFO - Found handler: org.openqa.selenium.remote.server.ServicedSession@1ceab23
14:54:54.353 INFO - Handler thread for session 56b2daae41b9f0fc7a57ffb33e12f158 (chrome): Executing POST on /session/56b2daae41b9f0fc7a57ffb33e12f158/element (handler: ServicedSession)
14:54:54.355 INFO - To upstream: {"using":"css selector","value":"input[name=\"phoneEntry\"]"}
14:54:54.363 INFO - To downstream: {"sessionId":"56b2daae41b9f0fc7a57ffb33e12f158","status":0,"value":{"ELEMENT":"0.8089885969815609-2"}}
14:54:54.367 INFO - Found handler: org.openqa.selenium.remote.server.ServicedSession@1ceab23
14:54:54.367 INFO - Handler thread for session 56b2daae41b9f0fc7a57ffb33e12f158 (chrome): Executing POST on /session/56b2daae41b9f0fc7a57ffb33e12f158/element/0.8089885969815609-2/value (handler: ServicedSession)
14:54:54.369 INFO - To upstream: {"value":["1","2","3","4","5","6","7","8","9"]}
14:54:54.456 INFO - To downstream: {"sessionId":"56b2daae41b9f0fc7a57ffb33e12f158","status":0,"value":null}
14:54:54.460 INFO - Found handler: org.openqa.selenium.remote.server.ServicedSession@1ceab23
14:54:54.461 INFO - Handler thread for session 56b2daae41b9f0fc7a57ffb33e12f158 (chrome): Executing POST on /session/56b2daae41b9f0fc7a57ffb33e12f158/element (handler: ServicedSession)
14:54:54.463 INFO - To upstream: {"using":"css selector","value":"button[name=\"save\"]"}
14:54:54.475 INFO - To downstream: {"sessionId":"56b2daae41b9f0fc7a57ffb33e12f158","status":0,"value":{"ELEMENT":"0.8089885969815609-3"}}
14:54:54.482 INFO - Found handler: org.openqa.selenium.remote.server.ServicedSession@1ceab23
14:54:54.483 INFO - Handler thread for session 56b2daae41b9f0fc7a57ffb33e12f158 (chrome): Executing POST on /session/56b2daae41b9f0fc7a57ffb33e12f158/element/0.8089885969815609-3/click (handler: ServicedSession)
14:54:54.484 INFO - To upstream: 
14:54:54.542 INFO - To downstream: {"sessionId":"56b2daae41b9f0fc7a57ffb33e12f158","status":0,"value":null}
14:54:54.548 INFO - Found handler: org.openqa.selenium.remote.server.ServicedSession@1ceab23
14:54:54.548 INFO - Handler thread for session 56b2daae41b9f0fc7a57ffb33e12f158 (chrome): Executing POST on /session/56b2daae41b9f0fc7a57ffb33e12f158/element (handler: ServicedSession)
14:54:54.552 INFO - To upstream: {"using":"css selector","value":"li[name=\"employee5\"]"}
14:54:54.563 INFO - To downstream: {"sessionId":"56b2daae41b9f0fc7a57ffb33e12f158","status":0,"value":{"ELEMENT":"0.8089885969815609-4"}}
14:54:54.568 INFO - Found handler: org.openqa.selenium.remote.server.ServicedSession@1ceab23
14:54:54.568 INFO - Handler thread for session 56b2daae41b9f0fc7a57ffb33e12f158 (chrome): Executing POST on /session/56b2daae41b9f0fc7a57ffb33e12f158/element/0.8089885969815609-4/click (handler: ServicedSession)
14:54:54.570 INFO - To upstream: 
14:54:54.624 INFO - To downstream: {"sessionId":"56b2daae41b9f0fc7a57ffb33e12f158","status":0,"value":null}
14:54:54.629 INFO - Found handler: org.openqa.selenium.remote.server.ServicedSession@1ceab23
14:54:54.630 INFO - Handler thread for session 56b2daae41b9f0fc7a57ffb33e12f158 (chrome): Executing POST on /session/56b2daae41b9f0fc7a57ffb33e12f158/element (handler: ServicedSession)
14:54:54.632 INFO - To upstream: {"using":"css selector","value":"li[name=\"employee1\"]"}
14:54:54.642 INFO - To downstream: {"sessionId":"56b2daae41b9f0fc7a57ffb33e12f158","status":0,"value":{"ELEMENT":"0.8089885969815609-1"}}
14:54:54.645 INFO - Found handler: org.openqa.selenium.remote.server.ServicedSession@1ceab23
14:54:54.646 INFO - Handler thread for session 56b2daae41b9f0fc7a57ffb33e12f158 (chrome): Executing POST on /session/56b2daae41b9f0fc7a57ffb33e12f158/element/0.8089885969815609-1/click (handler: ServicedSession)
14:54:54.647 INFO - To upstream: 
14:54:54.678 INFO - To downstream: {"sessionId":"56b2daae41b9f0fc7a57ffb33e12f158","status":0,"value":null}
14:54:54.682 INFO - Found handler: org.openqa.selenium.remote.server.ServicedSession@1ceab23
14:54:54.683 INFO - Handler thread for session 56b2daae41b9f0fc7a57ffb33e12f158 (chrome): Executing POST on /session/56b2daae41b9f0fc7a57ffb33e12f158/element (handler: ServicedSession)
14:54:54.685 INFO - To upstream: {"using":"css selector","value":"input[name=\"phoneEntry\"]"}
14:54:54.705 INFO - To downstream: {"sessionId":"56b2daae41b9f0fc7a57ffb33e12f158","status":0,"value":{"ELEMENT":"0.8089885969815609-2"}}
14:54:54.710 INFO - Found handler: org.openqa.selenium.remote.server.ServicedSession@1ceab23
14:54:54.711 INFO - Handler thread for session 56b2daae41b9f0fc7a57ffb33e12f158 (chrome): Executing POST on /session/56b2daae41b9f0fc7a57ffb33e12f158/element/0.8089885969815609-2/click (handler: ServicedSession)
14:54:54.712 INFO - To upstream: 
14:54:54.755 INFO - To downstream: {"sessionId":"56b2daae41b9f0fc7a57ffb33e12f158","status":0,"value":null}
14:54:54.759 INFO - Found handler: org.openqa.selenium.remote.server.ServicedSession@1ceab23
14:54:54.760 INFO - Handler thread for session 56b2daae41b9f0fc7a57ffb33e12f158 (chrome): Executing POST on /session/56b2daae41b9f0fc7a57ffb33e12f158/elements (handler: ServicedSession)
14:54:54.762 INFO - To upstream: {"using":"css selector","value":"input[name=\"phoneEntry\"]"}
14:54:54.778 INFO - To downstream: {"sessionId":"56b2daae41b9f0fc7a57ffb33e12f158","status":0,"value":[{"ELEMENT":"0.8089885969815609-2"}]}
14:54:54.782 INFO - Found handler: org.openqa.selenium.remote.server.ServicedSession@1ceab23
14:54:54.783 INFO - Handler thread for session 56b2daae41b9f0fc7a57ffb33e12f158 (chrome): Executing GET on /session/56b2daae41b9f0fc7a57ffb33e12f158/element/0.8089885969815609-2/attribute/value (handler: ServicedSession)
14:54:54.793 INFO - To downstream: {"sessionId":"56b2daae41b9f0fc7a57ffb33e12f158","status":0,"value":"4824931093"}
14:54:54.800 INFO - Found handler: org.openqa.selenium.remote.server.ServicedSession@1ceab23
14:54:54.800 INFO - Handler thread for session 56b2daae41b9f0fc7a57ffb33e12f158 (chrome): Executing POST on /session/56b2daae41b9f0fc7a57ffb33e12f158/url (handler: ServicedSession)
14:54:54.802 INFO - To upstream: {"url":"http://localhost:3000"}
14:54:54.939 INFO - To downstream: {"sessionId":"56b2daae41b9f0fc7a57ffb33e12f158","status":0,"value":null}
14:54:54.948 INFO - Found handler: org.openqa.selenium.remote.server.ServicedSession@1ceab23
14:54:54.949 INFO - Handler thread for session 56b2daae41b9f0fc7a57ffb33e12f158 (chrome): Executing POST on /session/56b2daae41b9f0fc7a57ffb33e12f158/element (handler: ServicedSession)
14:54:54.951 INFO - To upstream: {"using":"css selector","value":"li[name=\"employee1\"]"}
14:54:54.963 INFO - To downstream: {"sessionId":"56b2daae41b9f0fc7a57ffb33e12f158","status":0,"value":{"ELEMENT":"0.5947499220761452-1"}}
14:54:54.967 INFO - Found handler: org.openqa.selenium.remote.server.ServicedSession@1ceab23
14:54:54.968 INFO - Handler thread for session 56b2daae41b9f0fc7a57ffb33e12f158 (chrome): Executing POST on /session/56b2daae41b9f0fc7a57ffb33e12f158/element/0.5947499220761452-1/click (handler: ServicedSession)
14:54:54.970 INFO - To upstream: 
14:54:55.029 INFO - To downstream: {"sessionId":"56b2daae41b9f0fc7a57ffb33e12f158","status":0,"value":null}
14:54:55.035 INFO - Found handler: org.openqa.selenium.remote.server.ServicedSession@1ceab23
14:54:55.035 INFO - Handler thread for session 56b2daae41b9f0fc7a57ffb33e12f158 (chrome): Executing POST on /session/56b2daae41b9f0fc7a57ffb33e12f158/element (handler: ServicedSession)
14:54:55.037 INFO - To upstream: {"using":"css selector","value":"input[name=\"nameEntry\"]"}
14:54:55.050 INFO - To downstream: {"sessionId":"56b2daae41b9f0fc7a57ffb33e12f158","status":0,"value":{"ELEMENT":"0.5947499220761452-2"}}
14:54:55.058 INFO - Found handler: org.openqa.selenium.remote.server.ServicedSession@1ceab23
14:54:55.059 INFO - Handler thread for session 56b2daae41b9f0fc7a57ffb33e12f158 (chrome): Executing POST on /session/56b2daae41b9f0fc7a57ffb33e12f158/element/0.5947499220761452-2/clear (handler: ServicedSession)
14:54:55.061 INFO - To upstream: 
14:54:55.089 INFO - To downstream: {"sessionId":"56b2daae41b9f0fc7a57ffb33e12f158","status":0,"value":null}
14:54:55.094 INFO - Found handler: org.openqa.selenium.remote.server.ServicedSession@1ceab23
14:54:55.094 INFO - Handler thread for session 56b2daae41b9f0fc7a57ffb33e12f158 (chrome): Executing POST on /session/56b2daae41b9f0fc7a57ffb33e12f158/element (handler: ServicedSession)
14:54:55.096 INFO - To upstream: {"using":"css selector","value":"input[name=\"phoneEntry\"]"}
14:54:55.106 INFO - To downstream: {"sessionId":"56b2daae41b9f0fc7a57ffb33e12f158","status":0,"value":{"ELEMENT":"0.5947499220761452-3"}}
14:54:55.110 INFO - Found handler: org.openqa.selenium.remote.server.ServicedSession@1ceab23
14:54:55.110 INFO - Handler thread for session 56b2daae41b9f0fc7a57ffb33e12f158 (chrome): Executing POST on /session/56b2daae41b9f0fc7a57ffb33e12f158/element/0.5947499220761452-3/clear (handler: ServicedSession)
14:54:55.112 INFO - To upstream: 
14:54:55.135 INFO - To downstream: {"sessionId":"56b2daae41b9f0fc7a57ffb33e12f158","status":0,"value":null}
14:54:55.140 INFO - Found handler: org.openqa.selenium.remote.server.ServicedSession@1ceab23
14:54:55.140 INFO - Handler thread for session 56b2daae41b9f0fc7a57ffb33e12f158 (chrome): Executing POST on /session/56b2daae41b9f0fc7a57ffb33e12f158/element (handler: ServicedSession)
14:54:55.142 INFO - To upstream: {"using":"css selector","value":"input[name=\"titleEntry\"]"}
14:54:55.152 INFO - To downstream: {"sessionId":"56b2daae41b9f0fc7a57ffb33e12f158","status":0,"value":{"ELEMENT":"0.5947499220761452-4"}}
14:54:55.156 INFO - Found handler: org.openqa.selenium.remote.server.ServicedSession@1ceab23
14:54:55.156 INFO - Handler thread for session 56b2daae41b9f0fc7a57ffb33e12f158 (chrome): Executing POST on /session/56b2daae41b9f0fc7a57ffb33e12f158/element/0.5947499220761452-4/clear (handler: ServicedSession)
14:54:55.158 INFO - To upstream: 
14:54:55.181 INFO - To downstream: {"sessionId":"56b2daae41b9f0fc7a57ffb33e12f158","status":0,"value":null}
14:54:55.187 INFO - Found handler: org.openqa.selenium.remote.server.ServicedSession@1ceab23
14:54:55.187 INFO - Handler thread for session 56b2daae41b9f0fc7a57ffb33e12f158 (chrome): Executing POST on /session/56b2daae41b9f0fc7a57ffb33e12f158/element (handler: ServicedSession)
14:54:55.189 INFO - To upstream: {"using":"css selector","value":"button[name=\"save\"]"}
14:54:55.198 INFO - To downstream: {"sessionId":"56b2daae41b9f0fc7a57ffb33e12f158","status":0,"value":{"ELEMENT":"0.5947499220761452-5"}}
14:54:55.218 INFO - Found handler: org.openqa.selenium.remote.server.ServicedSession@1ceab23
14:54:55.219 INFO - Handler thread for session 56b2daae41b9f0fc7a57ffb33e12f158 (chrome): Executing POST on /session/56b2daae41b9f0fc7a57ffb33e12f158/element/0.5947499220761452-5/click (handler: ServicedSession)
14:54:55.220 INFO - To upstream: 
14:54:55.267 INFO - To downstream: {"sessionId":"56b2daae41b9f0fc7a57ffb33e12f158","status":0,"value":null}
14:54:55.273 INFO - Found handler: org.openqa.selenium.remote.server.ServicedSession@1ceab23
14:54:55.273 INFO - Handler thread for session 56b2daae41b9f0fc7a57ffb33e12f158 (chrome): Executing POST on /session/56b2daae41b9f0fc7a57ffb33e12f158/elements (handler: ServicedSession)
14:54:55.274 INFO - To upstream: {"using":"css selector","value":"button[name=\"save\"]"}
14:54:55.290 INFO - To downstream: {"sessionId":"56b2daae41b9f0fc7a57ffb33e12f158","status":0,"value":[{"ELEMENT":"0.5947499220761452-5"}]}
14:54:55.294 INFO - Found handler: org.openqa.selenium.remote.server.ServicedSession@1ceab23
14:54:55.294 INFO - Handler thread for session 56b2daae41b9f0fc7a57ffb33e12f158 (chrome): Executing GET on /session/56b2daae41b9f0fc7a57ffb33e12f158/element/0.5947499220761452-5/enabled (handler: ServicedSession)
14:54:55.308 INFO - To downstream: {"sessionId":"56b2daae41b9f0fc7a57ffb33e12f158","status":0,"value":false}
14:54:55.315 INFO - Found handler: org.openqa.selenium.remote.server.ServicedSession@1ceab23
14:54:55.315 INFO - Handler thread for session 56b2daae41b9f0fc7a57ffb33e12f158 (chrome): Executing POST on /session/56b2daae41b9f0fc7a57ffb33e12f158/url (handler: ServicedSession)
14:54:55.316 INFO - To upstream: {"url":"http://localhost:3000"}
14:54:55.417 INFO - To downstream: {"sessionId":"56b2daae41b9f0fc7a57ffb33e12f158","status":0,"value":null}
14:54:55.433 INFO - Found handler: org.openqa.selenium.remote.server.ServicedSession@1ceab23
14:54:55.434 INFO - Handler thread for session 56b2daae41b9f0fc7a57ffb33e12f158 (chrome): Executing POST on /session/56b2daae41b9f0fc7a57ffb33e12f158/element (handler: ServicedSession)
14:54:55.435 INFO - To upstream: {"using":"css selector","value":"li[name=\"employee1\"]"}
14:54:55.449 INFO - To downstream: {"sessionId":"56b2daae41b9f0fc7a57ffb33e12f158","status":0,"value":{"ELEMENT":"0.4628524588530154-1"}}
14:54:55.455 INFO - Found handler: org.openqa.selenium.remote.server.ServicedSession@1ceab23
14:54:55.456 INFO - Handler thread for session 56b2daae41b9f0fc7a57ffb33e12f158 (chrome): Executing POST on /session/56b2daae41b9f0fc7a57ffb33e12f158/element/0.4628524588530154-1/click (handler: ServicedSession)
14:54:55.457 INFO - To upstream: 
14:54:55.522 INFO - To downstream: {"sessionId":"56b2daae41b9f0fc7a57ffb33e12f158","status":0,"value":null}
14:54:55.531 INFO - Found handler: org.openqa.selenium.remote.server.ServicedSession@1ceab23
14:54:55.531 INFO - Handler thread for session 56b2daae41b9f0fc7a57ffb33e12f158 (chrome): Executing POST on /session/56b2daae41b9f0fc7a57ffb33e12f158/element (handler: ServicedSession)
14:54:55.533 INFO - To upstream: {"using":"css selector","value":"input[name=\"titleEntry\"]"}
14:54:55.544 INFO - To downstream: {"sessionId":"56b2daae41b9f0fc7a57ffb33e12f158","status":0,"value":{"ELEMENT":"0.4628524588530154-2"}}
14:54:55.548 INFO - Found handler: org.openqa.selenium.remote.server.ServicedSession@1ceab23
14:54:55.548 INFO - Handler thread for session 56b2daae41b9f0fc7a57ffb33e12f158 (chrome): Executing POST on /session/56b2daae41b9f0fc7a57ffb33e12f158/element/0.4628524588530154-2/clear (handler: ServicedSession)
14:54:55.549 INFO - To upstream: 
14:54:55.572 INFO - To downstream: {"sessionId":"56b2daae41b9f0fc7a57ffb33e12f158","status":0,"value":null}
14:54:55.577 INFO - Found handler: org.openqa.selenium.remote.server.ServicedSession@1ceab23
14:54:55.577 INFO - Handler thread for session 56b2daae41b9f0fc7a57ffb33e12f158 (chrome): Executing POST on /session/56b2daae41b9f0fc7a57ffb33e12f158/element (handler: ServicedSession)
14:54:55.578 INFO - To upstream: {"using":"css selector","value":"input[name=\"titleEntry\"]"}
14:54:55.587 INFO - To downstream: {"sessionId":"56b2daae41b9f0fc7a57ffb33e12f158","status":0,"value":{"ELEMENT":"0.4628524588530154-2"}}
14:54:55.592 INFO - Found handler: org.openqa.selenium.remote.server.ServicedSession@1ceab23
14:54:55.592 INFO - Handler thread for session 56b2daae41b9f0fc7a57ffb33e12f158 (chrome): Executing POST on /session/56b2daae41b9f0fc7a57ffb33e12f158/element/0.4628524588530154-2/value (handler: ServicedSession)
14:54:55.593 INFO - To upstream: {"value":["1","2","3","4","5","6","7","8","9","0","1","2","3","4","5","6","7","8","9","0","1","2","3","4","5","6","7","8","9","0","1"]}
14:54:55.866 INFO - To downstream: {"sessionId":"56b2daae41b9f0fc7a57ffb33e12f158","status":0,"value":null}
14:54:55.870 INFO - Found handler: org.openqa.selenium.remote.server.ServicedSession@1ceab23
14:54:55.870 INFO - Handler thread for session 56b2daae41b9f0fc7a57ffb33e12f158 (chrome): Executing POST on /session/56b2daae41b9f0fc7a57ffb33e12f158/element (handler: ServicedSession)
14:54:55.872 INFO - To upstream: {"using":"css selector","value":"button[name=\"save\"]"}
14:54:55.883 INFO - To downstream: {"sessionId":"56b2daae41b9f0fc7a57ffb33e12f158","status":0,"value":{"ELEMENT":"0.4628524588530154-3"}}
14:54:55.887 INFO - Found handler: org.openqa.selenium.remote.server.ServicedSession@1ceab23
14:54:55.888 INFO - Handler thread for session 56b2daae41b9f0fc7a57ffb33e12f158 (chrome): Executing POST on /session/56b2daae41b9f0fc7a57ffb33e12f158/element/0.4628524588530154-3/click (handler: ServicedSession)
14:54:55.889 INFO - To upstream: 
14:54:55.946 INFO - To downstream: {"sessionId":"56b2daae41b9f0fc7a57ffb33e12f158","status":0,"value":null}
14:54:55.950 INFO - Found handler: org.openqa.selenium.remote.server.ServicedSession@1ceab23
14:54:55.952 INFO - Handler thread for session 56b2daae41b9f0fc7a57ffb33e12f158 (chrome): Executing POST on /session/56b2daae41b9f0fc7a57ffb33e12f158/element (handler: ServicedSession)
14:54:55.954 INFO - To upstream: {"using":"css selector","value":"li[name=\"employee5\"]"}
14:54:55.963 INFO - To downstream: {"sessionId":"56b2daae41b9f0fc7a57ffb33e12f158","status":0,"value":{"ELEMENT":"0.4628524588530154-4"}}
14:54:55.968 INFO - Found handler: org.openqa.selenium.remote.server.ServicedSession@1ceab23
14:54:55.969 INFO - Handler thread for session 56b2daae41b9f0fc7a57ffb33e12f158 (chrome): Executing POST on /session/56b2daae41b9f0fc7a57ffb33e12f158/element/0.4628524588530154-4/click (handler: ServicedSession)
14:54:55.970 INFO - To upstream: 
14:54:56.023 INFO - To downstream: {"sessionId":"56b2daae41b9f0fc7a57ffb33e12f158","status":0,"value":null}
14:54:56.028 INFO - Found handler: org.openqa.selenium.remote.server.ServicedSession@1ceab23
14:54:56.029 INFO - Handler thread for session 56b2daae41b9f0fc7a57ffb33e12f158 (chrome): Executing POST on /session/56b2daae41b9f0fc7a57ffb33e12f158/element (handler: ServicedSession)
14:54:56.030 INFO - To upstream: {"using":"css selector","value":"li[name=\"employee1\"]"}
14:54:56.039 INFO - To downstream: {"sessionId":"56b2daae41b9f0fc7a57ffb33e12f158","status":0,"value":{"ELEMENT":"0.4628524588530154-1"}}
14:54:56.042 INFO - Found handler: org.openqa.selenium.remote.server.ServicedSession@1ceab23
14:54:56.043 INFO - Handler thread for session 56b2daae41b9f0fc7a57ffb33e12f158 (chrome): Executing POST on /session/56b2daae41b9f0fc7a57ffb33e12f158/element/0.4628524588530154-1/click (handler: ServicedSession)
14:54:56.044 INFO - To upstream: 
14:54:56.075 INFO - To downstream: {"sessionId":"56b2daae41b9f0fc7a57ffb33e12f158","status":0,"value":null}
14:54:56.082 INFO - Found handler: org.openqa.selenium.remote.server.ServicedSession@1ceab23
14:54:56.083 INFO - Handler thread for session 56b2daae41b9f0fc7a57ffb33e12f158 (chrome): Executing POST on /session/56b2daae41b9f0fc7a57ffb33e12f158/element (handler: ServicedSession)
14:54:56.084 INFO - To upstream: {"using":"css selector","value":"input[name=\"titleEntry\"]"}
14:54:56.093 INFO - To downstream: {"sessionId":"56b2daae41b9f0fc7a57ffb33e12f158","status":0,"value":{"ELEMENT":"0.4628524588530154-2"}}
14:54:56.097 INFO - Found handler: org.openqa.selenium.remote.server.ServicedSession@1ceab23
14:54:56.097 INFO - Handler thread for session 56b2daae41b9f0fc7a57ffb33e12f158 (chrome): Executing POST on /session/56b2daae41b9f0fc7a57ffb33e12f158/element/0.4628524588530154-2/click (handler: ServicedSession)
14:54:56.098 INFO - To upstream: 
14:54:56.140 INFO - To downstream: {"sessionId":"56b2daae41b9f0fc7a57ffb33e12f158","status":0,"value":null}
14:54:56.145 INFO - Found handler: org.openqa.selenium.remote.server.ServicedSession@1ceab23
14:54:56.145 INFO - Handler thread for session 56b2daae41b9f0fc7a57ffb33e12f158 (chrome): Executing POST on /session/56b2daae41b9f0fc7a57ffb33e12f158/elements (handler: ServicedSession)
14:54:56.146 INFO - To upstream: {"using":"css selector","value":"input[name=\"titleEntry\"]"}
14:54:56.163 INFO - To downstream: {"sessionId":"56b2daae41b9f0fc7a57ffb33e12f158","status":0,"value":[{"ELEMENT":"0.4628524588530154-2"}]}
14:54:56.168 INFO - Found handler: org.openqa.selenium.remote.server.ServicedSession@1ceab23
14:54:56.169 INFO - Handler thread for session 56b2daae41b9f0fc7a57ffb33e12f158 (chrome): Executing GET on /session/56b2daae41b9f0fc7a57ffb33e12f158/element/0.4628524588530154-2/attribute/value (handler: ServicedSession)
14:54:56.176 INFO - To downstream: {"sessionId":"56b2daae41b9f0fc7a57ffb33e12f158","status":0,"value":"1234567890123456789012345678901"}
14:54:56.182 INFO - Found handler: org.openqa.selenium.remote.server.ServicedSession@1ceab23
14:54:56.182 INFO - Handler thread for session 56b2daae41b9f0fc7a57ffb33e12f158 (chrome): Executing POST on /session/56b2daae41b9f0fc7a57ffb33e12f158/url (handler: ServicedSession)
14:54:56.184 INFO - To upstream: {"url":"http://localhost:3000"}
14:54:56.284 INFO - To downstream: {"sessionId":"56b2daae41b9f0fc7a57ffb33e12f158","status":0,"value":null}
14:54:56.300 INFO - Found handler: org.openqa.selenium.remote.server.ServicedSession@1ceab23
14:54:56.301 INFO - Handler thread for session 56b2daae41b9f0fc7a57ffb33e12f158 (chrome): Executing POST on /session/56b2daae41b9f0fc7a57ffb33e12f158/element (handler: ServicedSession)
14:54:56.302 INFO - To upstream: {"using":"css selector","value":"li[name=\"employee1\"]"}
14:54:56.315 INFO - To downstream: {"sessionId":"56b2daae41b9f0fc7a57ffb33e12f158","status":0,"value":{"ELEMENT":"0.5132096819166578-1"}}
14:54:56.319 INFO - Found handler: org.openqa.selenium.remote.server.ServicedSession@1ceab23
14:54:56.319 INFO - Handler thread for session 56b2daae41b9f0fc7a57ffb33e12f158 (chrome): Executing POST on /session/56b2daae41b9f0fc7a57ffb33e12f158/element/0.5132096819166578-1/click (handler: ServicedSession)
14:54:56.320 INFO - To upstream: 
14:54:56.378 INFO - To downstream: {"sessionId":"56b2daae41b9f0fc7a57ffb33e12f158","status":0,"value":null}
14:54:56.383 INFO - Found handler: org.openqa.selenium.remote.server.ServicedSession@1ceab23
14:54:56.383 INFO - Handler thread for session 56b2daae41b9f0fc7a57ffb33e12f158 (chrome): Executing POST on /session/56b2daae41b9f0fc7a57ffb33e12f158/element (handler: ServicedSession)
14:54:56.385 INFO - To upstream: {"using":"css selector","value":"input[name=\"phoneEntry\"]"}
14:54:56.395 INFO - To downstream: {"sessionId":"56b2daae41b9f0fc7a57ffb33e12f158","status":0,"value":{"ELEMENT":"0.5132096819166578-2"}}
14:54:56.398 INFO - Found handler: org.openqa.selenium.remote.server.ServicedSession@1ceab23
14:54:56.399 INFO - Handler thread for session 56b2daae41b9f0fc7a57ffb33e12f158 (chrome): Executing POST on /session/56b2daae41b9f0fc7a57ffb33e12f158/element/0.5132096819166578-2/clear (handler: ServicedSession)
14:54:56.400 INFO - To upstream: 
14:54:56.425 INFO - To downstream: {"sessionId":"56b2daae41b9f0fc7a57ffb33e12f158","status":0,"value":null}
14:54:56.447 INFO - Found handler: org.openqa.selenium.remote.server.ServicedSession@1ceab23
14:54:56.448 INFO - Handler thread for session 56b2daae41b9f0fc7a57ffb33e12f158 (chrome): Executing POST on /session/56b2daae41b9f0fc7a57ffb33e12f158/element (handler: ServicedSession)
14:54:56.452 INFO - To upstream: {"using":"css selector","value":"input[name=\"phoneEntry\"]"}
14:54:56.473 INFO - To downstream: {"sessionId":"56b2daae41b9f0fc7a57ffb33e12f158","status":0,"value":{"ELEMENT":"0.5132096819166578-2"}}
14:54:56.477 INFO - Found handler: org.openqa.selenium.remote.server.ServicedSession@1ceab23
14:54:56.478 INFO - Handler thread for session 56b2daae41b9f0fc7a57ffb33e12f158 (chrome): Executing POST on /session/56b2daae41b9f0fc7a57ffb33e12f158/element/0.5132096819166578-2/value (handler: ServicedSession)
14:54:56.479 INFO - To upstream: {"value":["1","2","3","4","5","6","7","8","9","0","1"]}
14:54:56.601 INFO - To downstream: {"sessionId":"56b2daae41b9f0fc7a57ffb33e12f158","status":0,"value":null}
14:54:56.606 INFO - Found handler: org.openqa.selenium.remote.server.ServicedSession@1ceab23
14:54:56.607 INFO - Handler thread for session 56b2daae41b9f0fc7a57ffb33e12f158 (chrome): Executing POST on /session/56b2daae41b9f0fc7a57ffb33e12f158/element (handler: ServicedSession)
14:54:56.609 INFO - To upstream: {"using":"css selector","value":"button[name=\"save\"]"}
14:54:56.624 INFO - To downstream: {"sessionId":"56b2daae41b9f0fc7a57ffb33e12f158","status":0,"value":{"ELEMENT":"0.5132096819166578-3"}}
14:54:56.628 INFO - Found handler: org.openqa.selenium.remote.server.ServicedSession@1ceab23
14:54:56.628 INFO - Handler thread for session 56b2daae41b9f0fc7a57ffb33e12f158 (chrome): Executing POST on /session/56b2daae41b9f0fc7a57ffb33e12f158/element/0.5132096819166578-3/click (handler: ServicedSession)
14:54:56.630 INFO - To upstream: 
14:54:56.691 INFO - To downstream: {"sessionId":"56b2daae41b9f0fc7a57ffb33e12f158","status":0,"value":null}
14:54:56.695 INFO - Found handler: org.openqa.selenium.remote.server.ServicedSession@1ceab23
14:54:56.696 INFO - Handler thread for session 56b2daae41b9f0fc7a57ffb33e12f158 (chrome): Executing POST on /session/56b2daae41b9f0fc7a57ffb33e12f158/element (handler: ServicedSession)
14:54:56.697 INFO - To upstream: {"using":"css selector","value":"li[name=\"employee5\"]"}
14:54:56.705 INFO - To downstream: {"sessionId":"56b2daae41b9f0fc7a57ffb33e12f158","status":0,"value":{"ELEMENT":"0.5132096819166578-4"}}
14:54:56.710 INFO - Found handler: org.openqa.selenium.remote.server.ServicedSession@1ceab23
14:54:56.710 INFO - Handler thread for session 56b2daae41b9f0fc7a57ffb33e12f158 (chrome): Executing POST on /session/56b2daae41b9f0fc7a57ffb33e12f158/element/0.5132096819166578-4/click (handler: ServicedSession)
14:54:56.711 INFO - To upstream: 
14:54:56.766 INFO - To downstream: {"sessionId":"56b2daae41b9f0fc7a57ffb33e12f158","status":0,"value":null}
14:54:56.770 INFO - Found handler: org.openqa.selenium.remote.server.ServicedSession@1ceab23
14:54:56.771 INFO - Handler thread for session 56b2daae41b9f0fc7a57ffb33e12f158 (chrome): Executing POST on /session/56b2daae41b9f0fc7a57ffb33e12f158/element (handler: ServicedSession)
14:54:56.772 INFO - To upstream: {"using":"css selector","value":"li[name=\"employee1\"]"}
14:54:56.781 INFO - To downstream: {"sessionId":"56b2daae41b9f0fc7a57ffb33e12f158","status":0,"value":{"ELEMENT":"0.5132096819166578-1"}}
14:54:56.786 INFO - Found handler: org.openqa.selenium.remote.server.ServicedSession@1ceab23
14:54:56.786 INFO - Handler thread for session 56b2daae41b9f0fc7a57ffb33e12f158 (chrome): Executing POST on /session/56b2daae41b9f0fc7a57ffb33e12f158/element/0.5132096819166578-1/click (handler: ServicedSession)
14:54:56.787 INFO - To upstream: 
14:54:56.817 INFO - To downstream: {"sessionId":"56b2daae41b9f0fc7a57ffb33e12f158","status":0,"value":null}
14:54:56.821 INFO - Found handler: org.openqa.selenium.remote.server.ServicedSession@1ceab23
14:54:56.822 INFO - Handler thread for session 56b2daae41b9f0fc7a57ffb33e12f158 (chrome): Executing POST on /session/56b2daae41b9f0fc7a57ffb33e12f158/element (handler: ServicedSession)
14:54:56.823 INFO - To upstream: {"using":"css selector","value":"input[name=\"phoneEntry\"]"}
14:54:56.833 INFO - To downstream: {"sessionId":"56b2daae41b9f0fc7a57ffb33e12f158","status":0,"value":{"ELEMENT":"0.5132096819166578-2"}}
14:54:56.838 INFO - Found handler: org.openqa.selenium.remote.server.ServicedSession@1ceab23
14:54:56.839 INFO - Handler thread for session 56b2daae41b9f0fc7a57ffb33e12f158 (chrome): Executing POST on /session/56b2daae41b9f0fc7a57ffb33e12f158/element/0.5132096819166578-2/click (handler: ServicedSession)
14:54:56.840 INFO - To upstream: 
14:54:56.879 INFO - To downstream: {"sessionId":"56b2daae41b9f0fc7a57ffb33e12f158","status":0,"value":null}
14:54:56.883 INFO - Found handler: org.openqa.selenium.remote.server.ServicedSession@1ceab23
14:54:56.883 INFO - Handler thread for session 56b2daae41b9f0fc7a57ffb33e12f158 (chrome): Executing POST on /session/56b2daae41b9f0fc7a57ffb33e12f158/elements (handler: ServicedSession)
14:54:56.885 INFO - To upstream: {"using":"css selector","value":"input[name=\"phoneEntry\"]"}
14:54:56.900 INFO - To downstream: {"sessionId":"56b2daae41b9f0fc7a57ffb33e12f158","status":0,"value":[{"ELEMENT":"0.5132096819166578-2"}]}
14:54:56.904 INFO - Found handler: org.openqa.selenium.remote.server.ServicedSession@1ceab23
14:54:56.905 INFO - Handler thread for session 56b2daae41b9f0fc7a57ffb33e12f158 (chrome): Executing GET on /session/56b2daae41b9f0fc7a57ffb33e12f158/element/0.5132096819166578-2/attribute/value (handler: ServicedSession)
14:54:56.912 INFO - To downstream: {"sessionId":"56b2daae41b9f0fc7a57ffb33e12f158","status":0,"value":"12345678901"}
14:54:56.919 INFO - Found handler: org.openqa.selenium.remote.server.ServicedSession@1ceab23
14:54:56.920 INFO - Handler thread for session 56b2daae41b9f0fc7a57ffb33e12f158 (chrome): Executing POST on /session/56b2daae41b9f0fc7a57ffb33e12f158/url (handler: ServicedSession)
14:54:56.923 INFO - To upstream: {"url":"http://localhost:3000"}
14:54:57.019 INFO - To downstream: {"sessionId":"56b2daae41b9f0fc7a57ffb33e12f158","status":0,"value":null}
14:54:57.036 INFO - Found handler: org.openqa.selenium.remote.server.ServicedSession@1ceab23
14:54:57.036 INFO - Handler thread for session 56b2daae41b9f0fc7a57ffb33e12f158 (chrome): Executing POST on /session/56b2daae41b9f0fc7a57ffb33e12f158/element (handler: ServicedSession)
14:54:57.038 INFO - To upstream: {"using":"css selector","value":"li[name=\"employee1\"]"}
14:54:57.049 INFO - To downstream: {"sessionId":"56b2daae41b9f0fc7a57ffb33e12f158","status":0,"value":{"ELEMENT":"0.1592520042886012-1"}}
14:54:57.052 INFO - Found handler: org.openqa.selenium.remote.server.ServicedSession@1ceab23
14:54:57.053 INFO - Handler thread for session 56b2daae41b9f0fc7a57ffb33e12f158 (chrome): Executing POST on /session/56b2daae41b9f0fc7a57ffb33e12f158/element/0.1592520042886012-1/click (handler: ServicedSession)
14:54:57.054 INFO - To upstream: 
14:54:57.115 INFO - To downstream: {"sessionId":"56b2daae41b9f0fc7a57ffb33e12f158","status":0,"value":null}
14:54:57.125 INFO - Found handler: org.openqa.selenium.remote.server.ServicedSession@1ceab23
14:54:57.125 INFO - Handler thread for session 56b2daae41b9f0fc7a57ffb33e12f158 (chrome): Executing POST on /session/56b2daae41b9f0fc7a57ffb33e12f158/element (handler: ServicedSession)
14:54:57.131 INFO - To upstream: {"using":"css selector","value":"input[name=\"nameEntry\"]"}
14:54:57.154 INFO - To downstream: {"sessionId":"56b2daae41b9f0fc7a57ffb33e12f158","status":0,"value":{"ELEMENT":"0.1592520042886012-2"}}
14:54:57.158 INFO - Found handler: org.openqa.selenium.remote.server.ServicedSession@1ceab23
14:54:57.158 INFO - Handler thread for session 56b2daae41b9f0fc7a57ffb33e12f158 (chrome): Executing POST on /session/56b2daae41b9f0fc7a57ffb33e12f158/element/0.1592520042886012-2/clear (handler: ServicedSession)
14:54:57.160 INFO - To upstream: 
14:54:57.183 INFO - To downstream: {"sessionId":"56b2daae41b9f0fc7a57ffb33e12f158","status":0,"value":null}
14:54:57.188 INFO - Found handler: org.openqa.selenium.remote.server.ServicedSession@1ceab23
14:54:57.188 INFO - Handler thread for session 56b2daae41b9f0fc7a57ffb33e12f158 (chrome): Executing POST on /session/56b2daae41b9f0fc7a57ffb33e12f158/element (handler: ServicedSession)
14:54:57.189 INFO - To upstream: {"using":"css selector","value":"input[name=\"nameEntry\"]"}
14:54:57.197 INFO - To downstream: {"sessionId":"56b2daae41b9f0fc7a57ffb33e12f158","status":0,"value":{"ELEMENT":"0.1592520042886012-2"}}
14:54:57.201 INFO - Found handler: org.openqa.selenium.remote.server.ServicedSession@1ceab23
14:54:57.201 INFO - Handler thread for session 56b2daae41b9f0fc7a57ffb33e12f158 (chrome): Executing POST on /session/56b2daae41b9f0fc7a57ffb33e12f158/element/0.1592520042886012-2/value (handler: ServicedSession)
14:54:57.203 INFO - To upstream: {"value":["1","2","3","4","5","6","7","8","9","0","1","2","3","4","5","6","7","8","9","0","1","2","3","4","5","6","7","8","9","0","1"]}
14:54:57.440 INFO - To downstream: {"sessionId":"56b2daae41b9f0fc7a57ffb33e12f158","status":0,"value":null}
14:54:57.445 INFO - Found handler: org.openqa.selenium.remote.server.ServicedSession@1ceab23
14:54:57.445 INFO - Handler thread for session 56b2daae41b9f0fc7a57ffb33e12f158 (chrome): Executing POST on /session/56b2daae41b9f0fc7a57ffb33e12f158/element (handler: ServicedSession)
14:54:57.447 INFO - To upstream: {"using":"css selector","value":"button[name=\"save\"]"}
14:54:57.457 INFO - To downstream: {"sessionId":"56b2daae41b9f0fc7a57ffb33e12f158","status":0,"value":{"ELEMENT":"0.1592520042886012-3"}}
14:54:57.460 INFO - Found handler: org.openqa.selenium.remote.server.ServicedSession@1ceab23
14:54:57.461 INFO - Handler thread for session 56b2daae41b9f0fc7a57ffb33e12f158 (chrome): Executing POST on /session/56b2daae41b9f0fc7a57ffb33e12f158/element/0.1592520042886012-3/click (handler: ServicedSession)
14:54:57.462 INFO - To upstream: 
14:54:57.513 INFO - To downstream: {"sessionId":"56b2daae41b9f0fc7a57ffb33e12f158","status":0,"value":null}
14:54:57.517 INFO - Found handler: org.openqa.selenium.remote.server.ServicedSession@1ceab23
14:54:57.518 INFO - Handler thread for session 56b2daae41b9f0fc7a57ffb33e12f158 (chrome): Executing POST on /session/56b2daae41b9f0fc7a57ffb33e12f158/elements (handler: ServicedSession)
14:54:57.520 INFO - To upstream: {"using":"css selector","value":"div[class=\"errorCard\"]"}
14:54:57.540 INFO - To downstream: {"sessionId":"56b2daae41b9f0fc7a57ffb33e12f158","status":0,"value":[{"ELEMENT":"0.1592520042886012-4"}]}
14:54:57.544 INFO - Found handler: org.openqa.selenium.remote.server.ServicedSession@1ceab23
14:54:57.544 INFO - Handler thread for session 56b2daae41b9f0fc7a57ffb33e12f158 (chrome): Executing GET on /session/56b2daae41b9f0fc7a57ffb33e12f158/element/0.1592520042886012-4/text (handler: ServicedSession)
14:54:57.565 INFO - To downstream: {"sessionId":"56b2daae41b9f0fc7a57ffb33e12f158","status":0,"value":"The name field must be between 1 and 30 characters long. The title field must be between 1 and 30 characters long."}
14:54:57.569 INFO - Found handler: org.openqa.selenium.remote.server.ServicedSession@1ceab23
14:54:57.570 INFO - Handler thread for session 56b2daae41b9f0fc7a57ffb33e12f158 (chrome): Executing POST on /session/56b2daae41b9f0fc7a57ffb33e12f158/element (handler: ServicedSession)
14:54:57.572 INFO - To upstream: {"using":"css selector","value":"li[name=\"employee5\"]"}
14:54:57.581 INFO - To downstream: {"sessionId":"56b2daae41b9f0fc7a57ffb33e12f158","status":0,"value":{"ELEMENT":"0.1592520042886012-5"}}
14:54:57.586 INFO - Found handler: org.openqa.selenium.remote.server.ServicedSession@1ceab23
14:54:57.586 INFO - Handler thread for session 56b2daae41b9f0fc7a57ffb33e12f158 (chrome): Executing POST on /session/56b2daae41b9f0fc7a57ffb33e12f158/element/0.1592520042886012-5/click (handler: ServicedSession)
14:54:57.588 INFO - To upstream: 
14:54:57.660 INFO - To downstream: {"sessionId":"56b2daae41b9f0fc7a57ffb33e12f158","status":0,"value":null}
14:54:57.664 INFO - Found handler: org.openqa.selenium.remote.server.ServicedSession@1ceab23
14:54:57.664 INFO - Handler thread for session 56b2daae41b9f0fc7a57ffb33e12f158 (chrome): Executing POST on /session/56b2daae41b9f0fc7a57ffb33e12f158/element (handler: ServicedSession)
14:54:57.666 INFO - To upstream: {"using":"css selector","value":"li[name=\"employee1\"]"}
14:54:57.676 INFO - To downstream: {"sessionId":"56b2daae41b9f0fc7a57ffb33e12f158","status":0,"value":{"ELEMENT":"0.1592520042886012-1"}}
14:54:57.681 INFO - Found handler: org.openqa.selenium.remote.server.ServicedSession@1ceab23
14:54:57.681 INFO - Handler thread for session 56b2daae41b9f0fc7a57ffb33e12f158 (chrome): Executing POST on /session/56b2daae41b9f0fc7a57ffb33e12f158/element/0.1592520042886012-1/click (handler: ServicedSession)
14:54:57.682 INFO - To upstream: 
14:54:57.712 INFO - To downstream: {"sessionId":"56b2daae41b9f0fc7a57ffb33e12f158","status":0,"value":null}
14:54:57.715 INFO - Found handler: org.openqa.selenium.remote.server.ServicedSession@1ceab23
14:54:57.716 INFO - Handler thread for session 56b2daae41b9f0fc7a57ffb33e12f158 (chrome): Executing POST on /session/56b2daae41b9f0fc7a57ffb33e12f158/elements (handler: ServicedSession)
14:54:57.717 INFO - To upstream: {"using":"css selector","value":"input[name=\"nameEntry\"]"}
14:54:57.739 INFO - To downstream: {"sessionId":"56b2daae41b9f0fc7a57ffb33e12f158","status":0,"value":[{"ELEMENT":"0.1592520042886012-2"}]}
14:54:57.743 INFO - Found handler: org.openqa.selenium.remote.server.ServicedSession@1ceab23
14:54:57.743 INFO - Handler thread for session 56b2daae41b9f0fc7a57ffb33e12f158 (chrome): Executing GET on /session/56b2daae41b9f0fc7a57ffb33e12f158/element/0.1592520042886012-2/attribute/value (handler: ServicedSession)
14:54:57.751 INFO - To downstream: {"sessionId":"56b2daae41b9f0fc7a57ffb33e12f158","status":0,"value":"Bernice Ortiz"}
14:54:57.758 INFO - Found handler: org.openqa.selenium.remote.server.ServicedSession@1ceab23
14:54:57.758 INFO - Handler thread for session 56b2daae41b9f0fc7a57ffb33e12f158 (chrome): Executing POST on /session/56b2daae41b9f0fc7a57ffb33e12f158/url (handler: ServicedSession)
14:54:57.759 INFO - To upstream: {"url":"http://localhost:3000"}
14:54:57.849 INFO - To downstream: {"sessionId":"56b2daae41b9f0fc7a57ffb33e12f158","status":0,"value":null}
14:54:57.855 INFO - Found handler: org.openqa.selenium.remote.server.ServicedSession@1ceab23
14:54:57.855 INFO - Handler thread for session 56b2daae41b9f0fc7a57ffb33e12f158 (chrome): Executing POST on /session/56b2daae41b9f0fc7a57ffb33e12f158/element (handler: ServicedSession)
14:54:57.859 INFO - To upstream: {"using":"css selector","value":"li[name=\"employee1\"]"}
14:54:57.877 INFO - To downstream: {"sessionId":"56b2daae41b9f0fc7a57ffb33e12f158","status":0,"value":{"ELEMENT":"0.3068810108936211-1"}}
14:54:57.881 INFO - Found handler: org.openqa.selenium.remote.server.ServicedSession@1ceab23
14:54:57.881 INFO - Handler thread for session 56b2daae41b9f0fc7a57ffb33e12f158 (chrome): Executing POST on /session/56b2daae41b9f0fc7a57ffb33e12f158/element/0.3068810108936211-1/click (handler: ServicedSession)
14:54:57.882 INFO - To upstream: 
14:54:57.936 INFO - To downstream: {"sessionId":"56b2daae41b9f0fc7a57ffb33e12f158","status":0,"value":null}
14:54:57.940 INFO - Found handler: org.openqa.selenium.remote.server.ServicedSession@1ceab23
14:54:57.940 INFO - Handler thread for session 56b2daae41b9f0fc7a57ffb33e12f158 (chrome): Executing POST on /session/56b2daae41b9f0fc7a57ffb33e12f158/element (handler: ServicedSession)
14:54:57.942 INFO - To upstream: {"using":"css selector","value":"input[name=\"phoneEntry\"]"}
14:54:57.960 INFO - To downstream: {"sessionId":"56b2daae41b9f0fc7a57ffb33e12f158","status":0,"value":{"ELEMENT":"0.3068810108936211-2"}}
14:54:57.964 INFO - Found handler: org.openqa.selenium.remote.server.ServicedSession@1ceab23
14:54:57.965 INFO - Handler thread for session 56b2daae41b9f0fc7a57ffb33e12f158 (chrome): Executing POST on /session/56b2daae41b9f0fc7a57ffb33e12f158/element/0.3068810108936211-2/clear (handler: ServicedSession)
14:54:57.966 INFO - To upstream: 
14:54:57.996 INFO - To downstream: {"sessionId":"56b2daae41b9f0fc7a57ffb33e12f158","status":0,"value":null}
14:54:58.000 INFO - Found handler: org.openqa.selenium.remote.server.ServicedSession@1ceab23
14:54:58.001 INFO - Handler thread for session 56b2daae41b9f0fc7a57ffb33e12f158 (chrome): Executing POST on /session/56b2daae41b9f0fc7a57ffb33e12f158/element (handler: ServicedSession)
14:54:58.002 INFO - To upstream: {"using":"css selector","value":"input[name=\"phoneEntry\"]"}
14:54:58.010 INFO - To downstream: {"sessionId":"56b2daae41b9f0fc7a57ffb33e12f158","status":0,"value":{"ELEMENT":"0.3068810108936211-2"}}
14:54:58.014 INFO - Found handler: org.openqa.selenium.remote.server.ServicedSession@1ceab23
14:54:58.015 INFO - Handler thread for session 56b2daae41b9f0fc7a57ffb33e12f158 (chrome): Executing POST on /session/56b2daae41b9f0fc7a57ffb33e12f158/element/0.3068810108936211-2/value (handler: ServicedSession)
14:54:58.016 INFO - To upstream: {"value":["a","b","c"]}
14:54:58.071 INFO - To downstream: {"sessionId":"56b2daae41b9f0fc7a57ffb33e12f158","status":0,"value":null}
14:54:58.076 INFO - Found handler: org.openqa.selenium.remote.server.ServicedSession@1ceab23
14:54:58.077 INFO - Handler thread for session 56b2daae41b9f0fc7a57ffb33e12f158 (chrome): Executing POST on /session/56b2daae41b9f0fc7a57ffb33e12f158/element (handler: ServicedSession)
14:54:58.078 INFO - To upstream: {"using":"css selector","value":"button[name=\"save\"]"}
14:54:58.086 INFO - To downstream: {"sessionId":"56b2daae41b9f0fc7a57ffb33e12f158","status":0,"value":{"ELEMENT":"0.3068810108936211-3"}}
14:54:58.090 INFO - Found handler: org.openqa.selenium.remote.server.ServicedSession@1ceab23
14:54:58.090 INFO - Handler thread for session 56b2daae41b9f0fc7a57ffb33e12f158 (chrome): Executing POST on /session/56b2daae41b9f0fc7a57ffb33e12f158/element/0.3068810108936211-3/click (handler: ServicedSession)
14:54:58.091 INFO - To upstream: 
14:54:58.142 INFO - To downstream: {"sessionId":"56b2daae41b9f0fc7a57ffb33e12f158","status":0,"value":null}
14:54:58.146 INFO - Found handler: org.openqa.selenium.remote.server.ServicedSession@1ceab23
14:54:58.146 INFO - Handler thread for session 56b2daae41b9f0fc7a57ffb33e12f158 (chrome): Executing POST on /session/56b2daae41b9f0fc7a57ffb33e12f158/elements (handler: ServicedSession)
14:54:58.148 INFO - To upstream: {"using":"css selector","value":"div[class=\"errorCard\"]"}
14:54:58.156 INFO - To downstream: {"sessionId":"56b2daae41b9f0fc7a57ffb33e12f158","status":0,"value":[{"ELEMENT":"0.3068810108936211-4"}]}
14:54:58.161 INFO - Found handler: org.openqa.selenium.remote.server.ServicedSession@1ceab23
14:54:58.161 INFO - Handler thread for session 56b2daae41b9f0fc7a57ffb33e12f158 (chrome): Executing GET on /session/56b2daae41b9f0fc7a57ffb33e12f158/element/0.3068810108936211-4/text (handler: ServicedSession)
14:54:58.182 INFO - To downstream: {"sessionId":"56b2daae41b9f0fc7a57ffb33e12f158","status":0,"value":"T he phone number must be 10 digits long."}
14:54:58.186 INFO - Found handler: org.openqa.selenium.remote.server.ServicedSession@1ceab23
14:54:58.187 INFO - Handler thread for session 56b2daae41b9f0fc7a57ffb33e12f158 (chrome): Executing POST on /session/56b2daae41b9f0fc7a57ffb33e12f158/element (handler: ServicedSession)
14:54:58.189 INFO - To upstream: {"using":"css selector","value":"li[name=\"employee5\"]"}
14:54:58.198 INFO - To downstream: {"sessionId":"56b2daae41b9f0fc7a57ffb33e12f158","status":0,"value":{"ELEMENT":"0.3068810108936211-5"}}
14:54:58.203 INFO - Found handler: org.openqa.selenium.remote.server.ServicedSession@1ceab23
14:54:58.204 INFO - Handler thread for session 56b2daae41b9f0fc7a57ffb33e12f158 (chrome): Executing POST on /session/56b2daae41b9f0fc7a57ffb33e12f158/element/0.3068810108936211-5/click (handler: ServicedSession)
14:54:58.205 INFO - To upstream: 
14:54:58.266 INFO - To downstream: {"sessionId":"56b2daae41b9f0fc7a57ffb33e12f158","status":0,"value":null}
14:54:58.270 INFO - Found handler: org.openqa.selenium.remote.server.ServicedSession@1ceab23
14:54:58.271 INFO - Handler thread for session 56b2daae41b9f0fc7a57ffb33e12f158 (chrome): Executing POST on /session/56b2daae41b9f0fc7a57ffb33e12f158/element (handler: ServicedSession)
14:54:58.272 INFO - To upstream: {"using":"css selector","value":"li[name=\"employee1\"]"}
14:54:58.282 INFO - To downstream: {"sessionId":"56b2daae41b9f0fc7a57ffb33e12f158","status":0,"value":{"ELEMENT":"0.3068810108936211-1"}}
14:54:58.287 INFO - Found handler: org.openqa.selenium.remote.server.ServicedSession@1ceab23
14:54:58.287 INFO - Handler thread for session 56b2daae41b9f0fc7a57ffb33e12f158 (chrome): Executing POST on /session/56b2daae41b9f0fc7a57ffb33e12f158/element/0.3068810108936211-1/click (handler: ServicedSession)
14:54:58.288 INFO - To upstream: 
14:54:58.333 INFO - To downstream: {"sessionId":"56b2daae41b9f0fc7a57ffb33e12f158","status":0,"value":null}
14:54:58.338 INFO - Found handler: org.openqa.selenium.remote.server.ServicedSession@1ceab23
14:54:58.339 INFO - Handler thread for session 56b2daae41b9f0fc7a57ffb33e12f158 (chrome): Executing POST on /session/56b2daae41b9f0fc7a57ffb33e12f158/element (handler: ServicedSession)
14:54:58.340 INFO - To upstream: {"using":"css selector","value":"input[name=\"phoneEntry\"]"}
14:54:58.349 INFO - To downstream: {"sessionId":"56b2daae41b9f0fc7a57ffb33e12f158","status":0,"value":{"ELEMENT":"0.3068810108936211-2"}}
14:54:58.354 INFO - Found handler: org.openqa.selenium.remote.server.ServicedSession@1ceab23
14:54:58.354 INFO - Handler thread for session 56b2daae41b9f0fc7a57ffb33e12f158 (chrome): Executing POST on /session/56b2daae41b9f0fc7a57ffb33e12f158/element/0.3068810108936211-2/click (handler: ServicedSession)
14:54:58.356 INFO - To upstream: 
14:54:58.399 INFO - To downstream: {"sessionId":"56b2daae41b9f0fc7a57ffb33e12f158","status":0,"value":null}
14:54:58.403 INFO - Found handler: org.openqa.selenium.remote.server.ServicedSession@1ceab23
14:54:58.403 INFO - Handler thread for session 56b2daae41b9f0fc7a57ffb33e12f158 (chrome): Executing POST on /session/56b2daae41b9f0fc7a57ffb33e12f158/elements (handler: ServicedSession)
14:54:58.404 INFO - To upstream: {"using":"css selector","value":"input[name=\"phoneEntry\"]"}
14:54:58.416 INFO - To downstream: {"sessionId":"56b2daae41b9f0fc7a57ffb33e12f158","status":0,"value":[{"ELEMENT":"0.3068810108936211-2"}]}
14:54:58.422 INFO - Found handler: org.openqa.selenium.remote.server.ServicedSession@1ceab23
14:54:58.423 INFO - Handler thread for session 56b2daae41b9f0fc7a57ffb33e12f158 (chrome): Executing GET on /session/56b2daae41b9f0fc7a57ffb33e12f158/element/0.3068810108936211-2/attribute/value (handler: ServicedSession)
14:54:58.430 INFO - To downstream: {"sessionId":"56b2daae41b9f0fc7a57ffb33e12f158","status":0,"value":"4824931093"}
14:54:58.440 INFO - Found handler: org.openqa.selenium.remote.server.ServicedSession@1ceab23
14:54:58.441 INFO - Handler thread for session 56b2daae41b9f0fc7a57ffb33e12f158 (chrome): Executing POST on /session/56b2daae41b9f0fc7a57ffb33e12f158/url (handler: ServicedSession)
14:54:58.442 INFO - To upstream: {"url":"http://localhost:3000"}
14:54:58.537 INFO - To downstream: {"sessionId":"56b2daae41b9f0fc7a57ffb33e12f158","status":0,"value":null}
14:54:58.544 INFO - Found handler: org.openqa.selenium.remote.server.ServicedSession@1ceab23
14:54:58.544 INFO - Handler thread for session 56b2daae41b9f0fc7a57ffb33e12f158 (chrome): Executing POST on /session/56b2daae41b9f0fc7a57ffb33e12f158/element (handler: ServicedSession)
14:54:58.547 INFO - To upstream: {"using":"css selector","value":"li[name=\"employee1\"]"}
14:54:58.557 INFO - To downstream: {"sessionId":"56b2daae41b9f0fc7a57ffb33e12f158","status":0,"value":{"ELEMENT":"0.3137253063113161-1"}}
14:54:58.563 INFO - Found handler: org.openqa.selenium.remote.server.ServicedSession@1ceab23
14:54:58.563 INFO - Handler thread for session 56b2daae41b9f0fc7a57ffb33e12f158 (chrome): Executing POST on /session/56b2daae41b9f0fc7a57ffb33e12f158/element/0.3137253063113161-1/click (handler: ServicedSession)
14:54:58.565 INFO - To upstream: 
14:54:58.620 INFO - To downstream: {"sessionId":"56b2daae41b9f0fc7a57ffb33e12f158","status":0,"value":null}
14:54:58.624 INFO - Found handler: org.openqa.selenium.remote.server.ServicedSession@1ceab23
14:54:58.624 INFO - Handler thread for session 56b2daae41b9f0fc7a57ffb33e12f158 (chrome): Executing POST on /session/56b2daae41b9f0fc7a57ffb33e12f158/elements (handler: ServicedSession)
14:54:58.631 INFO - To upstream: {"using":"css selector","value":"span[name=\"employeeID\"]"}
14:54:58.647 INFO - To downstream: {"sessionId":"56b2daae41b9f0fc7a57ffb33e12f158","status":0,"value":[{"ELEMENT":"0.3137253063113161-2"}]}
14:54:58.651 INFO - Found handler: org.openqa.selenium.remote.server.ServicedSession@1ceab23
14:54:58.651 INFO - Handler thread for session 56b2daae41b9f0fc7a57ffb33e12f158 (chrome): Executing GET on /session/56b2daae41b9f0fc7a57ffb33e12f158/element/0.3137253063113161-2/text (handler: ServicedSession)
14:54:58.674 INFO - To downstream: {"sessionId":"56b2daae41b9f0fc7a57ffb33e12f158","status":0,"value":"ID: 1"}
14:54:58.678 INFO - Found handler: org.openqa.selenium.remote.server.ServicedSession@1ceab23
14:54:58.679 INFO - Handler thread for session 56b2daae41b9f0fc7a57ffb33e12f158 (chrome): Executing POST on /session/56b2daae41b9f0fc7a57ffb33e12f158/element (handler: ServicedSession)
14:54:58.680 INFO - To upstream: {"using":"css selector","value":"li[name=\"employee5\"]"}
14:54:58.689 INFO - To downstream: {"sessionId":"56b2daae41b9f0fc7a57ffb33e12f158","status":0,"value":{"ELEMENT":"0.3137253063113161-3"}}
14:54:58.695 INFO - Found handler: org.openqa.selenium.remote.server.ServicedSession@1ceab23
14:54:58.695 INFO - Handler thread for session 56b2daae41b9f0fc7a57ffb33e12f158 (chrome): Executing POST on /session/56b2daae41b9f0fc7a57ffb33e12f158/element/0.3137253063113161-3/click (handler: ServicedSession)
14:54:58.697 INFO - To upstream: 
14:54:58.749 INFO - To downstream: {"sessionId":"56b2daae41b9f0fc7a57ffb33e12f158","status":0,"value":null}
14:54:58.753 INFO - Found handler: org.openqa.selenium.remote.server.ServicedSession@1ceab23
14:54:58.754 INFO - Handler thread for session 56b2daae41b9f0fc7a57ffb33e12f158 (chrome): Executing POST on /session/56b2daae41b9f0fc7a57ffb33e12f158/elements (handler: ServicedSession)
14:54:58.755 INFO - To upstream: {"using":"css selector","value":"span[name=\"employeeID\"]"}
14:54:58.765 INFO - To downstream: {"sessionId":"56b2daae41b9f0fc7a57ffb33e12f158","status":0,"value":[{"ELEMENT":"0.3137253063113161-2"}]}
14:54:58.768 INFO - Found handler: org.openqa.selenium.remote.server.ServicedSession@1ceab23
14:54:58.769 INFO - Handler thread for session 56b2daae41b9f0fc7a57ffb33e12f158 (chrome): Executing GET on /session/56b2daae41b9f0fc7a57ffb33e12f158/element/0.3137253063113161-2/text (handler: ServicedSession)
14:54:58.778 INFO - To downstream: {"sessionId":"56b2daae41b9f0fc7a57ffb33e12f158","status":0,"value":"ID: 5"}
14:54:58.782 INFO - Found handler: org.openqa.selenium.remote.server.ServicedSession@1ceab23
14:54:58.783 INFO - Handler thread for session 56b2daae41b9f0fc7a57ffb33e12f158 (chrome): Executing POST on /session/56b2daae41b9f0fc7a57ffb33e12f158/element (handler: ServicedSession)
14:54:58.784 INFO - To upstream: {"using":"css selector","value":"li[name=\"employee9\"]"}
14:54:58.803 INFO - To downstream: {"sessionId":"56b2daae41b9f0fc7a57ffb33e12f158","status":0,"value":{"ELEMENT":"0.3137253063113161-4"}}
14:54:58.807 INFO - Found handler: org.openqa.selenium.remote.server.ServicedSession@1ceab23
14:54:58.808 INFO - Handler thread for session 56b2daae41b9f0fc7a57ffb33e12f158 (chrome): Executing POST on /session/56b2daae41b9f0fc7a57ffb33e12f158/element/0.3137253063113161-4/click (handler: ServicedSession)
14:54:58.809 INFO - To upstream: 
14:54:58.859 INFO - To downstream: {"sessionId":"56b2daae41b9f0fc7a57ffb33e12f158","status":0,"value":null}
14:54:58.864 INFO - Found handler: org.openqa.selenium.remote.server.ServicedSession@1ceab23
14:54:58.864 INFO - Handler thread for session 56b2daae41b9f0fc7a57ffb33e12f158 (chrome): Executing POST on /session/56b2daae41b9f0fc7a57ffb33e12f158/elements (handler: ServicedSession)
14:54:58.865 INFO - To upstream: {"using":"css selector","value":"span[name=\"employeeID\"]"}
14:54:58.876 INFO - To downstream: {"sessionId":"56b2daae41b9f0fc7a57ffb33e12f158","status":0,"value":[{"ELEMENT":"0.3137253063113161-2"}]}
14:54:58.880 INFO - Found handler: org.openqa.selenium.remote.server.ServicedSession@1ceab23
14:54:58.881 INFO - Handler thread for session 56b2daae41b9f0fc7a57ffb33e12f158 (chrome): Executing GET on /session/56b2daae41b9f0fc7a57ffb33e12f158/element/0.3137253063113161-2/text (handler: ServicedSession)
14:54:58.893 INFO - To downstream: {"sessionId":"56b2daae41b9f0fc7a57ffb33e12f158","status":0,"value":"ID: 9"}
14:54:58.897 INFO - Found handler: org.openqa.selenium.remote.server.ServicedSession@1ceab23
14:54:58.897 INFO - Handler thread for session 56b2daae41b9f0fc7a57ffb33e12f158 (chrome): Executing POST on /session/56b2daae41b9f0fc7a57ffb33e12f158/element (handler: ServicedSession)
14:54:58.899 INFO - To upstream: {"using":"css selector","value":"li[name=\"employee6\"]"}
14:54:58.918 INFO - To downstream: {"sessionId":"56b2daae41b9f0fc7a57ffb33e12f158","status":0,"value":{"ELEMENT":"0.3137253063113161-5"}}
14:54:58.923 INFO - Found handler: org.openqa.selenium.remote.server.ServicedSession@1ceab23
14:54:58.923 INFO - Handler thread for session 56b2daae41b9f0fc7a57ffb33e12f158 (chrome): Executing POST on /session/56b2daae41b9f0fc7a57ffb33e12f158/element/0.3137253063113161-5/click (handler: ServicedSession)
14:54:58.924 INFO - To upstream: 
14:54:58.987 INFO - To downstream: {"sessionId":"56b2daae41b9f0fc7a57ffb33e12f158","status":0,"value":null}
14:54:58.991 INFO - Found handler: org.openqa.selenium.remote.server.ServicedSession@1ceab23
14:54:58.991 INFO - Handler thread for session 56b2daae41b9f0fc7a57ffb33e12f158 (chrome): Executing POST on /session/56b2daae41b9f0fc7a57ffb33e12f158/elements (handler: ServicedSession)
14:54:58.992 INFO - To upstream: {"using":"css selector","value":"span[name=\"employeeID\"]"}
14:54:59.001 INFO - To downstream: {"sessionId":"56b2daae41b9f0fc7a57ffb33e12f158","status":0,"value":[{"ELEMENT":"0.3137253063113161-2"}]}
14:54:59.005 INFO - Found handler: org.openqa.selenium.remote.server.ServicedSession@1ceab23
14:54:59.005 INFO - Handler thread for session 56b2daae41b9f0fc7a57ffb33e12f158 (chrome): Executing GET on /session/56b2daae41b9f0fc7a57ffb33e12f158/element/0.3137253063113161-2/text (handler: ServicedSession)
14:54:59.015 INFO - To downstream: {"sessionId":"56b2daae41b9f0fc7a57ffb33e12f158","status":0,"value":"ID: 6"}
14:54:59.019 INFO - Found handler: org.openqa.selenium.remote.server.ServicedSession@1ceab23
14:54:59.020 INFO - Handler thread for session 56b2daae41b9f0fc7a57ffb33e12f158 (chrome): Executing POST on /session/56b2daae41b9f0fc7a57ffb33e12f158/element (handler: ServicedSession)
14:54:59.021 INFO - To upstream: {"using":"css selector","value":"li[name=\"employee10\"]"}
14:54:59.040 INFO - To downstream: {"sessionId":"56b2daae41b9f0fc7a57ffb33e12f158","status":0,"value":{"ELEMENT":"0.3137253063113161-6"}}
14:54:59.044 INFO - Found handler: org.openqa.selenium.remote.server.ServicedSession@1ceab23
14:54:59.044 INFO - Handler thread for session 56b2daae41b9f0fc7a57ffb33e12f158 (chrome): Executing POST on /session/56b2daae41b9f0fc7a57ffb33e12f158/element/0.3137253063113161-6/click (handler: ServicedSession)
14:54:59.046 INFO - To upstream: 
14:54:59.097 INFO - To downstream: {"sessionId":"56b2daae41b9f0fc7a57ffb33e12f158","status":0,"value":null}
14:54:59.101 INFO - Found handler: org.openqa.selenium.remote.server.ServicedSession@1ceab23
14:54:59.101 INFO - Handler thread for session 56b2daae41b9f0fc7a57ffb33e12f158 (chrome): Executing POST on /session/56b2daae41b9f0fc7a57ffb33e12f158/elements (handler: ServicedSession)
14:54:59.102 INFO - To upstream: {"using":"css selector","value":"span[name=\"employeeID\"]"}
14:54:59.113 INFO - To downstream: {"sessionId":"56b2daae41b9f0fc7a57ffb33e12f158","status":0,"value":[{"ELEMENT":"0.3137253063113161-2"}]}
14:54:59.117 INFO - Found handler: org.openqa.selenium.remote.server.ServicedSession@1ceab23
14:54:59.117 INFO - Handler thread for session 56b2daae41b9f0fc7a57ffb33e12f158 (chrome): Executing GET on /session/56b2daae41b9f0fc7a57ffb33e12f158/element/0.3137253063113161-2/text (handler: ServicedSession)
14:54:59.127 INFO - To downstream: {"sessionId":"56b2daae41b9f0fc7a57ffb33e12f158","status":0,"value":"ID: 10"}
14:54:59.131 INFO - Found handler: org.openqa.selenium.remote.server.ServicedSession@1ceab23
14:54:59.132 INFO - Handler thread for session 56b2daae41b9f0fc7a57ffb33e12f158 (chrome): Executing POST on /session/56b2daae41b9f0fc7a57ffb33e12f158/element (handler: ServicedSession)
14:54:59.133 INFO - To upstream: {"using":"css selector","value":"li[name=\"employee8\"]"}
14:54:59.153 INFO - To downstream: {"sessionId":"56b2daae41b9f0fc7a57ffb33e12f158","status":0,"value":{"ELEMENT":"0.3137253063113161-7"}}
14:54:59.157 INFO - Found handler: org.openqa.selenium.remote.server.ServicedSession@1ceab23
14:54:59.157 INFO - Handler thread for session 56b2daae41b9f0fc7a57ffb33e12f158 (chrome): Executing POST on /session/56b2daae41b9f0fc7a57ffb33e12f158/element/0.3137253063113161-7/click (handler: ServicedSession)
14:54:59.159 INFO - To upstream: 
14:54:59.213 INFO - To downstream: {"sessionId":"56b2daae41b9f0fc7a57ffb33e12f158","status":0,"value":null}
14:54:59.217 INFO - Found handler: org.openqa.selenium.remote.server.ServicedSession@1ceab23
14:54:59.217 INFO - Handler thread for session 56b2daae41b9f0fc7a57ffb33e12f158 (chrome): Executing POST on /session/56b2daae41b9f0fc7a57ffb33e12f158/elements (handler: ServicedSession)
14:54:59.218 INFO - To upstream: {"using":"css selector","value":"span[name=\"employeeID\"]"}
14:54:59.229 INFO - To downstream: {"sessionId":"56b2daae41b9f0fc7a57ffb33e12f158","status":0,"value":[{"ELEMENT":"0.3137253063113161-2"}]}
14:54:59.233 INFO - Found handler: org.openqa.selenium.remote.server.ServicedSession@1ceab23
14:54:59.233 INFO - Handler thread for session 56b2daae41b9f0fc7a57ffb33e12f158 (chrome): Executing GET on /session/56b2daae41b9f0fc7a57ffb33e12f158/element/0.3137253063113161-2/text (handler: ServicedSession)
14:54:59.243 INFO - To downstream: {"sessionId":"56b2daae41b9f0fc7a57ffb33e12f158","status":0,"value":"ID: 8"}
14:54:59.247 INFO - Found handler: org.openqa.selenium.remote.server.ServicedSession@1ceab23
14:54:59.247 INFO - Handler thread for session 56b2daae41b9f0fc7a57ffb33e12f158 (chrome): Executing POST on /session/56b2daae41b9f0fc7a57ffb33e12f158/element (handler: ServicedSession)
14:54:59.249 INFO - To upstream: {"using":"css selector","value":"li[name=\"employee2\"]"}
14:54:59.268 INFO - To downstream: {"sessionId":"56b2daae41b9f0fc7a57ffb33e12f158","status":0,"value":{"ELEMENT":"0.3137253063113161-8"}}
14:54:59.272 INFO - Found handler: org.openqa.selenium.remote.server.ServicedSession@1ceab23
14:54:59.273 INFO - Handler thread for session 56b2daae41b9f0fc7a57ffb33e12f158 (chrome): Executing POST on /session/56b2daae41b9f0fc7a57ffb33e12f158/element/0.3137253063113161-8/click (handler: ServicedSession)
14:54:59.274 INFO - To upstream: 
14:54:59.329 INFO - To downstream: {"sessionId":"56b2daae41b9f0fc7a57ffb33e12f158","status":0,"value":null}
14:54:59.333 INFO - Found handler: org.openqa.selenium.remote.server.ServicedSession@1ceab23
14:54:59.334 INFO - Handler thread for session 56b2daae41b9f0fc7a57ffb33e12f158 (chrome): Executing POST on /session/56b2daae41b9f0fc7a57ffb33e12f158/elements (handler: ServicedSession)
14:54:59.335 INFO - To upstream: {"using":"css selector","value":"span[name=\"employeeID\"]"}
14:54:59.345 INFO - To downstream: {"sessionId":"56b2daae41b9f0fc7a57ffb33e12f158","status":0,"value":[{"ELEMENT":"0.3137253063113161-2"}]}
14:54:59.349 INFO - Found handler: org.openqa.selenium.remote.server.ServicedSession@1ceab23
14:54:59.351 INFO - Handler thread for session 56b2daae41b9f0fc7a57ffb33e12f158 (chrome): Executing GET on /session/56b2daae41b9f0fc7a57ffb33e12f158/element/0.3137253063113161-2/text (handler: ServicedSession)
14:54:59.361 INFO - To downstream: {"sessionId":"56b2daae41b9f0fc7a57ffb33e12f158","status":0,"value":"ID: 2"}
14:54:59.365 INFO - Found handler: org.openqa.selenium.remote.server.ServicedSession@1ceab23
14:54:59.365 INFO - Handler thread for session 56b2daae41b9f0fc7a57ffb33e12f158 (chrome): Executing POST on /session/56b2daae41b9f0fc7a57ffb33e12f158/element (handler: ServicedSession)
14:54:59.367 INFO - To upstream: {"using":"css selector","value":"li[name=\"employee3\"]"}
14:54:59.385 INFO - To downstream: {"sessionId":"56b2daae41b9f0fc7a57ffb33e12f158","status":0,"value":{"ELEMENT":"0.3137253063113161-9"}}
14:54:59.389 INFO - Found handler: org.openqa.selenium.remote.server.ServicedSession@1ceab23
14:54:59.389 INFO - Handler thread for session 56b2daae41b9f0fc7a57ffb33e12f158 (chrome): Executing POST on /session/56b2daae41b9f0fc7a57ffb33e12f158/element/0.3137253063113161-9/click (handler: ServicedSession)
14:54:59.390 INFO - To upstream: 
14:54:59.443 INFO - To downstream: {"sessionId":"56b2daae41b9f0fc7a57ffb33e12f158","status":0,"value":null}
14:54:59.448 INFO - Found handler: org.openqa.selenium.remote.server.ServicedSession@1ceab23
14:54:59.449 INFO - Handler thread for session 56b2daae41b9f0fc7a57ffb33e12f158 (chrome): Executing POST on /session/56b2daae41b9f0fc7a57ffb33e12f158/elements (handler: ServicedSession)
14:54:59.450 INFO - To upstream: {"using":"css selector","value":"span[name=\"employeeID\"]"}
14:54:59.459 INFO - To downstream: {"sessionId":"56b2daae41b9f0fc7a57ffb33e12f158","status":0,"value":[{"ELEMENT":"0.3137253063113161-2"}]}
14:54:59.464 INFO - Found handler: org.openqa.selenium.remote.server.ServicedSession@1ceab23
14:54:59.464 INFO - Handler thread for session 56b2daae41b9f0fc7a57ffb33e12f158 (chrome): Executing GET on /session/56b2daae41b9f0fc7a57ffb33e12f158/element/0.3137253063113161-2/text (handler: ServicedSession)
14:54:59.474 INFO - To downstream: {"sessionId":"56b2daae41b9f0fc7a57ffb33e12f158","status":0,"value":"ID: 3"}
14:54:59.478 INFO - Found handler: org.openqa.selenium.remote.server.ServicedSession@1ceab23
14:54:59.478 INFO - Handler thread for session 56b2daae41b9f0fc7a57ffb33e12f158 (chrome): Executing POST on /session/56b2daae41b9f0fc7a57ffb33e12f158/element (handler: ServicedSession)
14:54:59.479 INFO - To upstream: {"using":"css selector","value":"li[name=\"employee7\"]"}
14:54:59.499 INFO - To downstream: {"sessionId":"56b2daae41b9f0fc7a57ffb33e12f158","status":0,"value":{"ELEMENT":"0.3137253063113161-10"}}
14:54:59.503 INFO - Found handler: org.openqa.selenium.remote.server.ServicedSession@1ceab23
14:54:59.503 INFO - Handler thread for session 56b2daae41b9f0fc7a57ffb33e12f158 (chrome): Executing POST on /session/56b2daae41b9f0fc7a57ffb33e12f158/element/0.3137253063113161-10/click (handler: ServicedSession)
14:54:59.504 INFO - To upstream: 
14:54:59.556 INFO - To downstream: {"sessionId":"56b2daae41b9f0fc7a57ffb33e12f158","status":0,"value":null}
14:54:59.561 INFO - Found handler: org.openqa.selenium.remote.server.ServicedSession@1ceab23
14:54:59.561 INFO - Handler thread for session 56b2daae41b9f0fc7a57ffb33e12f158 (chrome): Executing POST on /session/56b2daae41b9f0fc7a57ffb33e12f158/elements (handler: ServicedSession)
14:54:59.563 INFO - To upstream: {"using":"css selector","value":"span[name=\"employeeID\"]"}
14:54:59.572 INFO - To downstream: {"sessionId":"56b2daae41b9f0fc7a57ffb33e12f158","status":0,"value":[{"ELEMENT":"0.3137253063113161-2"}]}
14:54:59.575 INFO - Found handler: org.openqa.selenium.remote.server.ServicedSession@1ceab23
14:54:59.576 INFO - Handler thread for session 56b2daae41b9f0fc7a57ffb33e12f158 (chrome): Executing GET on /session/56b2daae41b9f0fc7a57ffb33e12f158/element/0.3137253063113161-2/text (handler: ServicedSession)
14:54:59.585 INFO - To downstream: {"sessionId":"56b2daae41b9f0fc7a57ffb33e12f158","status":0,"value":"ID: 7"}
14:54:59.590 INFO - Found handler: org.openqa.selenium.remote.server.ServicedSession@1ceab23
14:54:59.590 INFO - Handler thread for session 56b2daae41b9f0fc7a57ffb33e12f158 (chrome): Executing POST on /session/56b2daae41b9f0fc7a57ffb33e12f158/element (handler: ServicedSession)
14:54:59.592 INFO - To upstream: {"using":"css selector","value":"li[name=\"employee4\"]"}
14:54:59.614 INFO - To downstream: {"sessionId":"56b2daae41b9f0fc7a57ffb33e12f158","status":0,"value":{"ELEMENT":"0.3137253063113161-11"}}
14:54:59.618 INFO - Found handler: org.openqa.selenium.remote.server.ServicedSession@1ceab23
14:54:59.619 INFO - Handler thread for session 56b2daae41b9f0fc7a57ffb33e12f158 (chrome): Executing POST on /session/56b2daae41b9f0fc7a57ffb33e12f158/element/0.3137253063113161-11/click (handler: ServicedSession)
14:54:59.620 INFO - To upstream: 
14:54:59.670 INFO - To downstream: {"sessionId":"56b2daae41b9f0fc7a57ffb33e12f158","status":0,"value":null}
14:54:59.674 INFO - Found handler: org.openqa.selenium.remote.server.ServicedSession@1ceab23
14:54:59.675 INFO - Handler thread for session 56b2daae41b9f0fc7a57ffb33e12f158 (chrome): Executing POST on /session/56b2daae41b9f0fc7a57ffb33e12f158/elements (handler: ServicedSession)
14:54:59.676 INFO - To upstream: {"using":"css selector","value":"span[name=\"employeeID\"]"}
14:54:59.686 INFO - To downstream: {"sessionId":"56b2daae41b9f0fc7a57ffb33e12f158","status":0,"value":[{"ELEMENT":"0.3137253063113161-2"}]}
14:54:59.690 INFO - Found handler: org.openqa.selenium.remote.server.ServicedSession@1ceab23
14:54:59.690 INFO - Handler thread for session 56b2daae41b9f0fc7a57ffb33e12f158 (chrome): Executing GET on /session/56b2daae41b9f0fc7a57ffb33e12f158/element/0.3137253063113161-2/text (handler: ServicedSession)
14:54:59.700 INFO - To downstream: {"sessionId":"56b2daae41b9f0fc7a57ffb33e12f158","status":0,"value":"ID: 4"}
14:54:59.707 INFO - Found handler: org.openqa.selenium.remote.server.ServicedSession@1ceab23
14:54:59.707 INFO - Handler thread for session 56b2daae41b9f0fc7a57ffb33e12f158 (chrome): Executing DELETE on /session/56b2daae41b9f0fc7a57ffb33e12f158 (handler: ServicedSession)
14:54:59.759 INFO - To downstream: {"sessionId":"56b2daae41b9f0fc7a57ffb33e12f158","status":0,"value":null}
14:54:59.764 INFO - Removing session org.openqa.selenium.remote.server.ServicedSession@1ceab23
